Using pre-set license
Built from '2021.3/staging' branch; Version is '2021.3.8f1 (b30333d56e81) revision 11731763'; Using compiler version '192829333'; Build Type 'Release'
OS: 'Windows 10  (10.0.19043) 64bit Core' Language: 'en' Physical Memory: 16314 MB
BatchMode: 1, IsHumanControllingUs: 0, StartBugReporterOnCrash: 0, Is64bit: 1, IsPro: 1

COMMAND LINE ARGUMENTS:
D:\Unity\2021.3.8f1\Editor\Unity.exe
-adb2
-batchMode
-noUpm
-name
AssetImportWorker0
-projectPath
D:/UnityProjects/MinPayneProject/MinPayne
-logFile
Logs/AssetImportWorker0.log
-srvPort
58963
Successfully changed project path to: D:/UnityProjects/MinPayneProject/MinPayne
D:/UnityProjects/MinPayneProject/MinPayne
[UnityMemory] Configuration Parameters - Can be set up in boot.config
    "memorysetup-bucket-allocator-granularity=16"
    "memorysetup-bucket-allocator-bucket-count=8"
    "memorysetup-bucket-allocator-block-size=33554432"
    "memorysetup-bucket-allocator-block-count=8"
    "memorysetup-main-allocator-block-size=16777216"
    "memorysetup-thread-allocator-block-size=16777216"
    "memorysetup-gfx-main-allocator-block-size=16777216"
    "memorysetup-gfx-thread-allocator-block-size=16777216"
    "memorysetup-cache-allocator-block-size=4194304"
    "memorysetup-typetree-allocator-block-size=2097152"
    "memorysetup-profiler-bucket-allocator-granularity=16"
    "memorysetup-profiler-bucket-allocator-bucket-count=8"
    "memorysetup-profiler-bucket-allocator-block-size=33554432"
    "memorysetup-profiler-bucket-allocator-block-count=8"
    "memorysetup-profiler-allocator-block-size=16777216"
    "memorysetup-profiler-editor-allocator-block-size=1048576"
    "memorysetup-temp-allocator-size-main=16777216"
    "memorysetup-job-temp-allocator-block-size=2097152"
    "memorysetup-job-temp-allocator-block-size-background=1048576"
    "memorysetup-job-temp-allocator-reduction-small-platforms=262144"
    "memorysetup-temp-allocator-size-background-worker=32768"
    "memorysetup-temp-allocator-size-job-worker=262144"
    "memorysetup-temp-allocator-size-preload-manager=33554432"
    "memorysetup-temp-allocator-size-nav-mesh-worker=65536"
    "memorysetup-temp-allocator-size-audio-worker=65536"
    "memorysetup-temp-allocator-size-cloud-worker=32768"
    "memorysetup-temp-allocator-size-gi-baking-worker=262144"
    "memorysetup-temp-allocator-size-gfx=262144"
Refreshing native plugins compatible for Editor in 82.92 ms, found 3 plugins.
Preloading 0 native plugins for Editor in 0.00 ms.
Initialize engine version: 2021.3.8f1 (b30333d56e81)
[Subsystems] Discovering subsystems at path D:/Unity/2021.3.8f1/Editor/Data/Resources/UnitySubsystems
[Subsystems] Discovering subsystems at path D:/UnityProjects/MinPayneProject/MinPayne/Assets
GfxDevice: creating device client; threaded=0; jobified=0
Direct3D:
    Version:  Direct3D 11.0 [level 11.1]
    Renderer: NVIDIA GeForce GTX 1070 Ti (ID=0x1b82)
    Vendor:   NVIDIA
    VRAM:     8079 MB
    Driver:   31.0.15.1694
Initialize mono
Mono path[0] = 'D:/Unity/2021.3.8f1/Editor/Data/Managed'
Mono path[1] = 'D:/Unity/2021.3.8f1/Editor/Data/MonoBleedingEdge/lib/mono/unityjit-win32'
Mono config path = 'D:/Unity/2021.3.8f1/Editor/Data/MonoBleedingEdge/etc'
Using monoOptions --debugger-agent=transport=dt_socket,embedding=1,server=y,suspend=n,address=127.0.0.1:56724
Begin MonoManager ReloadAssembly
Registering precompiled unity dll's ...
Register platform support module: D:/Unity/2021.3.8f1/Editor/Data/PlaybackEngines/WindowsStandaloneSupport/UnityEditor.WindowsStandalone.Extensions.dll
Register platform support module: D:/Unity/2021.3.8f1/Editor/Data/PlaybackEngines/MetroSupport/UnityEditor.UWP.Extensions.dll
Registered in 0.003488 seconds.
Native extension for UWP target not found
Native extension for WindowsStandalone target not found
Refreshing native plugins compatible for Editor in 82.62 ms, found 3 plugins.
Preloading 0 native plugins for Editor in 0.00 ms.
Mono: successfully reloaded assembly
- Completed reload, in  0.612 seconds
Domain Reload Profiling:
	ReloadAssembly (613ms)
		BeginReloadAssembly (73ms)
			ExecutionOrderSort (0ms)
			DisableScriptedObjects (0ms)
			BackupInstance (0ms)
			ReleaseScriptingObjects (0ms)
			CreateAndSetChildDomain (1ms)
		EndReloadAssembly (444ms)
			LoadAssemblies (72ms)
			RebuildTransferFunctionScriptingTraits (0ms)
			SetupTypeCache (99ms)
			ReleaseScriptCaches (0ms)
			RebuildScriptCaches (27ms)
			SetupLoadedEditorAssemblies (273ms)
				LogAssemblyErrors (0ms)
				InitializePlatformSupportModulesInManaged (8ms)
				SetLoadedEditorAssemblies (0ms)
				RefreshPlugins (83ms)
				BeforeProcessingInitializeOnLoad (1ms)
				ProcessInitializeOnLoadAttributes (136ms)
				ProcessInitializeOnLoadMethodAttributes (45ms)
				AfterProcessingInitializeOnLoad (0ms)
				EditorAssembliesLoaded (0ms)
			ExecutionOrderSort2 (0ms)
			AwakeInstancesAfterBackupRestoration (0ms)
Platform modules already initialized, skipping
Registering precompiled user dll's ...
Registered in 0.004658 seconds.
Begin MonoManager ReloadAssembly
Symbol file LoadedFromMemory doesn't match image D:\UnityProjects\MinPayneProject\MinPayne\Library\PackageCache\com.unity.visualscripting@1.7.8\Editor\VisualScripting.Core\Dependencies\YamlDotNet\Unity.VisualScripting.YamlDotNet.dll
Symbol file LoadedFromMemory doesn't match image D:\UnityProjects\MinPayneProject\MinPayne\Library\PackageCache\com.unity.visualscripting@1.7.8\Editor\VisualScripting.Core\Dependencies\DotNetZip\Unity.VisualScripting.IonicZip.dll
Native extension for UWP target not found
Native extension for WindowsStandalone target not found
Refreshing native plugins compatible for Editor in 0.50 ms, found 3 plugins.
Preloading 0 native plugins for Editor in 0.00 ms.
Mono: successfully reloaded assembly
- Completed reload, in  1.029 seconds
Domain Reload Profiling:
	ReloadAssembly (1030ms)
		BeginReloadAssembly (114ms)
			ExecutionOrderSort (0ms)
			DisableScriptedObjects (6ms)
			BackupInstance (0ms)
			ReleaseScriptingObjects (0ms)
			CreateAndSetChildDomain (17ms)
		EndReloadAssembly (814ms)
			LoadAssemblies (90ms)
			RebuildTransferFunctionScriptingTraits (0ms)
			SetupTypeCache (293ms)
			ReleaseScriptCaches (1ms)
			RebuildScriptCaches (52ms)
			SetupLoadedEditorAssemblies (349ms)
				LogAssemblyErrors (0ms)
				InitializePlatformSupportModulesInManaged (6ms)
				SetLoadedEditorAssemblies (0ms)
				RefreshPlugins (1ms)
				BeforeProcessingInitializeOnLoad (81ms)
				ProcessInitializeOnLoadAttributes (227ms)
				ProcessInitializeOnLoadMethodAttributes (28ms)
				AfterProcessingInitializeOnLoad (6ms)
				EditorAssembliesLoaded (0ms)
			ExecutionOrderSort2 (0ms)
			AwakeInstancesAfterBackupRestoration (7ms)
Platform modules already initialized, skipping
========================================================================
Worker process is ready to serve import requests
Launched and connected shader compiler UnityShaderCompiler.exe after 0.05 seconds
Refreshing native plugins compatible for Editor in 0.50 ms, found 3 plugins.
Preloading 0 native plugins for Editor in 0.00 ms.
Unloading 3381 Unused Serialized files (Serialized files now loaded: 0)
Unloading 27 unused Assets / (111.5 KB). Loaded Objects now: 3839.
Memory consumption went from 119.7 MB to 119.6 MB.
Total: 3.225500 ms (FindLiveObjects: 0.223500 ms CreateObjectMapping: 0.148100 ms MarkObjects: 2.759300 ms  DeleteObjects: 0.093800 ms)

AssetImportParameters requested are different than current active one (requested -> active):
  custom:video-decoder-ogg-theora: a1e56fd34408186e4bbccfd4996cb3dc -> 
  custom:container-muxer-webm: aa71ff27fc2769a1b78a27578f13a17b -> 
  custom:container-demuxer-webm: 4f35f7cbe854078d1ac9338744f61a02 -> 
  custom:video-encoder-webm-vp8: eb34c28f22e8b96e1ab97ce403110664 -> 
  custom:audio-encoder-webm-vorbis: bf7c407c2cedff20999df2af8eb42d56 -> 
  custom:framework-win-MediaFoundation: 216162199b28c13a410421893ffa2e32 -> 
  custom:container-demuxer-ogg: 62fdf1f143b41e24485cea50d1cbac27 -> 
  custom:video-decoder-webm-vp8: 9c59270c3fd7afecdb556c50c9e8de78 -> 
  custom:audio-decoder-ogg-vorbis: bf7c407c2cedff20999df2af8eb42d56 -> 
========================================================================
Received Import Request.
  Time since last request: 110121.965185 seconds.
  path: Assets/Player Character/Player.prefab
  artifactKey: Guid(dab4b4b62bcd2e542a36f8dcfefa9478) Importer(815301076,1909f56bfc062723c751e8b465ee728b)
Start importing Assets/Player Character/Player.prefab using Guid(dab4b4b62bcd2e542a36f8dcfefa9478) Importer(815301076,1909f56bfc062723c751e8b465ee728b)  -> (artifact id: '7efa0c1bf230bccc0f0cf6081539062d') in 0.190578 seconds 
========================================================================
Received Prepare
Registering precompiled user dll's ...
Registered in 0.004468 seconds.
Begin MonoManager ReloadAssembly
Symbol file LoadedFromMemory doesn't match image D:\UnityProjects\MinPayneProject\MinPayne\Library\PackageCache\com.unity.visualscripting@1.7.8\Editor\VisualScripting.Core\Dependencies\YamlDotNet\Unity.VisualScripting.YamlDotNet.dll
Symbol file LoadedFromMemory doesn't match image D:\UnityProjects\MinPayneProject\MinPayne\Library\PackageCache\com.unity.visualscripting@1.7.8\Editor\VisualScripting.Core\Dependencies\DotNetZip\Unity.VisualScripting.IonicZip.dll
Native extension for UWP target not found
Native extension for WindowsStandalone target not found
Refreshing native plugins compatible for Editor in 0.52 ms, found 3 plugins.
Preloading 0 native plugins for Editor in 0.00 ms.
Mono: successfully reloaded assembly
- Completed reload, in  1.440 seconds
Domain Reload Profiling:
	ReloadAssembly (1442ms)
		BeginReloadAssembly (127ms)
			ExecutionOrderSort (0ms)
			DisableScriptedObjects (4ms)
			BackupInstance (0ms)
			ReleaseScriptingObjects (0ms)
			CreateAndSetChildDomain (33ms)
		EndReloadAssembly (1225ms)
			LoadAssemblies (414ms)
			RebuildTransferFunctionScriptingTraits (0ms)
			SetupTypeCache (242ms)
			ReleaseScriptCaches (1ms)
			RebuildScriptCaches (39ms)
			SetupLoadedEditorAssemblies (329ms)
				LogAssemblyErrors (0ms)
				InitializePlatformSupportModulesInManaged (15ms)
				SetLoadedEditorAssemblies (0ms)
				RefreshPlugins (7ms)
				BeforeProcessingInitializeOnLoad (58ms)
				ProcessInitializeOnLoadAttributes (222ms)
				ProcessInitializeOnLoadMethodAttributes (25ms)
				AfterProcessingInitializeOnLoad (3ms)
				EditorAssembliesLoaded (0ms)
			ExecutionOrderSort2 (0ms)
			AwakeInstancesAfterBackupRestoration (7ms)
Platform modules already initialized, skipping
Refreshing native plugins compatible for Editor in 1.41 ms, found 3 plugins.
Preloading 0 native plugins for Editor in 0.00 ms.
Unloading 3377 Unused Serialized files (Serialized files now loaded: 0)
Unloading 20 unused Assets / (79.0 KB). Loaded Objects now: 3853.
Memory consumption went from 124.0 MB to 123.9 MB.
Total: 2.578100 ms (FindLiveObjects: 0.199000 ms CreateObjectMapping: 0.115600 ms MarkObjects: 2.185000 ms  DeleteObjects: 0.077300 ms)

AssetImportParameters requested are different than current active one (requested -> active):
  custom:video-decoder-ogg-theora: a1e56fd34408186e4bbccfd4996cb3dc -> 
  custom:container-muxer-webm: aa71ff27fc2769a1b78a27578f13a17b -> 
  custom:container-demuxer-webm: 4f35f7cbe854078d1ac9338744f61a02 -> 
  custom:video-encoder-webm-vp8: eb34c28f22e8b96e1ab97ce403110664 -> 
  custom:audio-encoder-webm-vorbis: bf7c407c2cedff20999df2af8eb42d56 -> 
  custom:framework-win-MediaFoundation: 216162199b28c13a410421893ffa2e32 -> 
  custom:container-demuxer-ogg: 62fdf1f143b41e24485cea50d1cbac27 -> 
  custom:video-decoder-webm-vp8: 9c59270c3fd7afecdb556c50c9e8de78 -> 
  custom:audio-decoder-ogg-vorbis: bf7c407c2cedff20999df2af8eb42d56 -> 
========================================================================
Received Import Request.
  Time since last request: 223.653713 seconds.
  path: Assets/PolygonalMind/LowPolyOffice/Props
  artifactKey: Guid(79eb3bd2475daea438944f579c94864a) Importer(815301076,1909f56bfc062723c751e8b465ee728b)
Start importing Assets/PolygonalMind/LowPolyOffice/Props using Guid(79eb3bd2475daea438944f579c94864a) Importer(815301076,1909f56bfc062723c751e8b465ee728b)  -> (artifact id: '19ec09500a58064c0b7ef754e017b3c8') in 0.005257 seconds 
========================================================================
Received Import Request.
  Time since last request: 0.028555 seconds.
  path: Assets/PolygonalMind/LowPolyOffice/Props/mesh_3dPrinter.fbx
  artifactKey: Guid(a87a53b996c2d6a4782bff6305722eb1) Importer(815301076,1909f56bfc062723c751e8b465ee728b)
Start importing Assets/PolygonalMind/LowPolyOffice/Props/mesh_3dPrinter.fbx using Guid(a87a53b996c2d6a4782bff6305722eb1) Importer(815301076,1909f56bfc062723c751e8b465ee728b)  -> (artifact id: '59b41ac59f06a4c98cb8c971e2950c5b') in 0.238344 seconds 
========================================================================
Received Import Request.
  Time since last request: 0.000021 seconds.
  path: Assets/PolygonalMind/LowPolyOffice/Props/mesh_suitcase.fbx
  artifactKey: Guid(5626c511a4665b244b2b0c1069142c16) Importer(815301076,1909f56bfc062723c751e8b465ee728b)
Start importing Assets/PolygonalMind/LowPolyOffice/Props/mesh_suitcase.fbx using Guid(5626c511a4665b244b2b0c1069142c16) Importer(815301076,1909f56bfc062723c751e8b465ee728b)  -> (artifact id: 'f8bb651f98a1a019d049c8696b6210b5') in 0.040834 seconds 
========================================================================
Received Import Request.
  Time since last request: 0.000026 seconds.
  path: Assets/PolygonalMind/LowPolyOffice/Props/mesh_flexo.fbx
  artifactKey: Guid(3a6e9d20196fd4845aa513aa3c08d70b) Importer(815301076,1909f56bfc062723c751e8b465ee728b)
Start importing Assets/PolygonalMind/LowPolyOffice/Props/mesh_flexo.fbx using Guid(3a6e9d20196fd4845aa513aa3c08d70b) Importer(815301076,1909f56bfc062723c751e8b465ee728b)  -> (artifact id: '7b8c91807d998fec440ed818e7f77f5a') in 0.018453 seconds 
========================================================================
Received Import Request.
  Time since last request: 0.000018 seconds.
  path: Assets/PolygonalMind/LowPolyOffice/Props/mesh_waterCooler.fbx
  artifactKey: Guid(5f5c6baac71fa0a4bb9dd9d91c1b2c53) Importer(815301076,1909f56bfc062723c751e8b465ee728b)
Start importing Assets/PolygonalMind/LowPolyOffice/Props/mesh_waterCooler.fbx using Guid(5f5c6baac71fa0a4bb9dd9d91c1b2c53) Importer(815301076,1909f56bfc062723c751e8b465ee728b)  -> (artifact id: '824f9d56c89e4d1fb4fe0c28f139e45c') in 0.019696 seconds 
========================================================================
Received Import Request.
  Time since last request: 0.000021 seconds.
  path: Assets/PolygonalMind/LowPolyOffice/Props/Mesh_Wall_Corner.fbx
  artifactKey: Guid(a59d018e9c14e9b438d8a9cdba59c5d8) Importer(815301076,1909f56bfc062723c751e8b465ee728b)
Start importing Assets/PolygonalMind/LowPolyOffice/Props/Mesh_Wall_Corner.fbx using Guid(a59d018e9c14e9b438d8a9cdba59c5d8) Importer(815301076,1909f56bfc062723c751e8b465ee728b)  -> (artifact id: 'ab176d99d74981f662f8f7be719aa0e8') in 0.016958 seconds 
========================================================================
Received Import Request.
  Time since last request: 0.000018 seconds.
  path: Assets/PolygonalMind/LowPolyOffice/Props/mesh_microwave.fbx
  artifactKey: Guid(780a4a4a4fca95148b5981b43a567a5a) Importer(815301076,1909f56bfc062723c751e8b465ee728b)
Start importing Assets/PolygonalMind/LowPolyOffice/Props/mesh_microwave.fbx using Guid(780a4a4a4fca95148b5981b43a567a5a) Importer(815301076,1909f56bfc062723c751e8b465ee728b)  -> (artifact id: '345f11d47d28904aa9115d201b19eee9') in 0.038799 seconds 
========================================================================
Received Import Request.
  Time since last request: 0.000017 seconds.
  path: Assets/PolygonalMind/LowPolyOffice/Props/mesh_pen_01.fbx
  artifactKey: Guid(fe8110ab3fb4cb040a78004d51cc44e3) Importer(815301076,1909f56bfc062723c751e8b465ee728b)
Start importing Assets/PolygonalMind/LowPolyOffice/Props/mesh_pen_01.fbx using Guid(fe8110ab3fb4cb040a78004d51cc44e3) Importer(815301076,1909f56bfc062723c751e8b465ee728b)  -> (artifact id: '6581775983ba8f2d8fe90019cae4e88e') in 0.017971 seconds 
========================================================================
Received Import Request.
  Time since last request: 0.000054 seconds.
  path: Assets/PolygonalMind/LowPolyOffice/Props/mesh_flask.fbx
  artifactKey: Guid(54e349777e4298e4f9be5c9e4aa74b46) Importer(815301076,1909f56bfc062723c751e8b465ee728b)
Start importing Assets/PolygonalMind/LowPolyOffice/Props/mesh_flask.fbx using Guid(54e349777e4298e4f9be5c9e4aa74b46) Importer(815301076,1909f56bfc062723c751e8b465ee728b)  -> (artifact id: 'de06f2cfa2d9413d1b05714a8b994805') in 0.029750 seconds 
========================================================================
Received Import Request.
  Time since last request: 0.000028 seconds.
  path: Assets/PolygonalMind/LowPolyOffice/Props/mesh_tv_01.fbx
  artifactKey: Guid(98b918f337566884ca93f0222c5e24bd) Importer(815301076,1909f56bfc062723c751e8b465ee728b)
Start importing Assets/PolygonalMind/LowPolyOffice/Props/mesh_tv_01.fbx using Guid(98b918f337566884ca93f0222c5e24bd) Importer(815301076,1909f56bfc062723c751e8b465ee728b)  -> (artifact id: '6b2b00de7acf9181c9badeee1ebf91be') in 0.016705 seconds 
========================================================================
Received Import Request.
  Time since last request: 0.000016 seconds.
  path: Assets/PolygonalMind/LowPolyOffice/Props/mesh_printer_01.fbx
  artifactKey: Guid(4543e83de58b4c646827eff79fcdd061) Importer(815301076,1909f56bfc062723c751e8b465ee728b)
Start importing Assets/PolygonalMind/LowPolyOffice/Props/mesh_printer_01.fbx using Guid(4543e83de58b4c646827eff79fcdd061) Importer(815301076,1909f56bfc062723c751e8b465ee728b)  -> (artifact id: '0c10d7d97683ecd3b0f0494424c18903') in 0.014091 seconds 
========================================================================
Received Import Request.
  Time since last request: 0.000017 seconds.
  path: Assets/PolygonalMind/LowPolyOffice/Props/mesh_firealarm.fbx
  artifactKey: Guid(272d9501e72e3c44b97e02c68ca6835f) Importer(815301076,1909f56bfc062723c751e8b465ee728b)
Start importing Assets/PolygonalMind/LowPolyOffice/Props/mesh_firealarm.fbx using Guid(272d9501e72e3c44b97e02c68ca6835f) Importer(815301076,1909f56bfc062723c751e8b465ee728b)  -> (artifact id: 'e9109747023b287ba9ea67bf7ae76f55') in 0.018674 seconds 
========================================================================
Received Import Request.
  Time since last request: 0.000019 seconds.
  path: Assets/PolygonalMind/LowPolyOffice/Props/Mesh_Wall_T.fbx
  artifactKey: Guid(75c63ae4d0c94504b8bbdc24c0e1883e) Importer(815301076,1909f56bfc062723c751e8b465ee728b)
Start importing Assets/PolygonalMind/LowPolyOffice/Props/Mesh_Wall_T.fbx using Guid(75c63ae4d0c94504b8bbdc24c0e1883e) Importer(815301076,1909f56bfc062723c751e8b465ee728b)  -> (artifact id: 'ee1bbb70027f8dbc1db1e8c475ed83f3') in 0.013952 seconds 
========================================================================
Received Import Request.
  Time since last request: 0.000018 seconds.
  path: Assets/PolygonalMind/LowPolyOffice/Props/mesh_smoke.fbx
  artifactKey: Guid(1402fcdded917d3428188a154ea6ddb8) Importer(815301076,1909f56bfc062723c751e8b465ee728b)
Start importing Assets/PolygonalMind/LowPolyOffice/Props/mesh_smoke.fbx using Guid(1402fcdded917d3428188a154ea6ddb8) Importer(815301076,1909f56bfc062723c751e8b465ee728b)  -> (artifact id: '8261e34244becd46f852a773bd328f39') in 0.017834 seconds 
========================================================================
Received Import Request.
  Time since last request: 0.000022 seconds.
  path: Assets/PolygonalMind/LowPolyOffice/Props/mesh_chair_01.fbx
  artifactKey: Guid(1530b6e8012e5ad44972efb447aa7d11) Importer(815301076,1909f56bfc062723c751e8b465ee728b)
Start importing Assets/PolygonalMind/LowPolyOffice/Props/mesh_chair_01.fbx using Guid(1530b6e8012e5ad44972efb447aa7d11) Importer(815301076,1909f56bfc062723c751e8b465ee728b)  -> (artifact id: 'efd8a03c3b6a2a24a9a4761833061a75') in 0.039035 seconds 
========================================================================
Received Import Request.
  Time since last request: 0.000024 seconds.
  path: Assets/PolygonalMind/LowPolyOffice/Props/mesh_eraser.fbx
  artifactKey: Guid(68fd357edabc8f14ab368201b1678cfc) Importer(815301076,1909f56bfc062723c751e8b465ee728b)
Start importing Assets/PolygonalMind/LowPolyOffice/Props/mesh_eraser.fbx using Guid(68fd357edabc8f14ab368201b1678cfc) Importer(815301076,1909f56bfc062723c751e8b465ee728b)  -> (artifact id: '3835b045acae2cd528d1cdb7c080295c') in 0.023930 seconds 
========================================================================
Received Import Request.
  Time since last request: 0.000023 seconds.
  path: Assets/PolygonalMind/LowPolyOffice/Props/mesh_plant_a_01.fbx
  artifactKey: Guid(6ce5771815230b44385950608b58d253) Importer(815301076,1909f56bfc062723c751e8b465ee728b)
Start importing Assets/PolygonalMind/LowPolyOffice/Props/mesh_plant_a_01.fbx using Guid(6ce5771815230b44385950608b58d253) Importer(815301076,1909f56bfc062723c751e8b465ee728b)  -> (artifact id: '31c41c14ac8eb6ccccbd38eee1a958fd') in 0.015165 seconds 
========================================================================
Received Import Request.
  Time since last request: 0.000017 seconds.
  path: Assets/PolygonalMind/LowPolyOffice/Props/mesh_recepcionisttable.fbx
  artifactKey: Guid(16ed1442f6f4e93409002d0f5fec73cc) Importer(815301076,1909f56bfc062723c751e8b465ee728b)
Start importing Assets/PolygonalMind/LowPolyOffice/Props/mesh_recepcionisttable.fbx using Guid(16ed1442f6f4e93409002d0f5fec73cc) Importer(815301076,1909f56bfc062723c751e8b465ee728b)  -> (artifact id: '28dd16ff2cace92363b31a6b813e6bdf') in 0.020567 seconds 
========================================================================
Received Import Request.
  Time since last request: 0.000019 seconds.
  path: Assets/PolygonalMind/LowPolyOffice/Props/mesh_table_a_01.fbx
  artifactKey: Guid(6f2edcb5c8690d446b62b285782079db) Importer(815301076,1909f56bfc062723c751e8b465ee728b)
Start importing Assets/PolygonalMind/LowPolyOffice/Props/mesh_table_a_01.fbx using Guid(6f2edcb5c8690d446b62b285782079db) Importer(815301076,1909f56bfc062723c751e8b465ee728b)  -> (artifact id: 'd66a88e1baf7ac63ceacf096047a3bac') in 0.014149 seconds 
========================================================================
Received Import Request.
  Time since last request: 0.000017 seconds.
  path: Assets/PolygonalMind/LowPolyOffice/Props/mesh_toolbox.fbx
  artifactKey: Guid(0873ee0553f90d543bf619b564bd9611) Importer(815301076,1909f56bfc062723c751e8b465ee728b)
Start importing Assets/PolygonalMind/LowPolyOffice/Props/mesh_toolbox.fbx using Guid(0873ee0553f90d543bf619b564bd9611) Importer(815301076,1909f56bfc062723c751e8b465ee728b)  -> (artifact id: '1285433791b81bb0f6478e1e82121f78') in 0.018847 seconds 
========================================================================
Received Import Request.
  Time since last request: 0.000053 seconds.
  path: Assets/PolygonalMind/LowPolyOffice/Props/mesh_PC_01.fbx
  artifactKey: Guid(49ddef57dd87da2489028c9f6666f2fc) Importer(815301076,1909f56bfc062723c751e8b465ee728b)
Start importing Assets/PolygonalMind/LowPolyOffice/Props/mesh_PC_01.fbx using Guid(49ddef57dd87da2489028c9f6666f2fc) Importer(815301076,1909f56bfc062723c751e8b465ee728b)  -> (artifact id: '133062958b172b00be02fa72763e44d3') in 0.020444 seconds 
========================================================================
Received Import Request.
  Time since last request: 0.000025 seconds.
  path: Assets/PolygonalMind/LowPolyOffice/Props/mesh_fan.fbx
  artifactKey: Guid(687d190e4762bc54d928c33d43c01e95) Importer(815301076,1909f56bfc062723c751e8b465ee728b)
Start importing Assets/PolygonalMind/LowPolyOffice/Props/mesh_fan.fbx using Guid(687d190e4762bc54d928c33d43c01e95) Importer(815301076,1909f56bfc062723c751e8b465ee728b)  -> (artifact id: 'c905eeadf84c46b8121a74311aa1fec0') in 0.018378 seconds 
========================================================================
Received Import Request.
  Time since last request: 0.000016 seconds.
  path: Assets/PolygonalMind/LowPolyOffice/Props/mesh_aidKit.fbx
  artifactKey: Guid(7dd464caffe1190458015e2364538a52) Importer(815301076,1909f56bfc062723c751e8b465ee728b)
Start importing Assets/PolygonalMind/LowPolyOffice/Props/mesh_aidKit.fbx using Guid(7dd464caffe1190458015e2364538a52) Importer(815301076,1909f56bfc062723c751e8b465ee728b)  -> (artifact id: 'edee3f8d887c1502e74953e0666df5bb') in 0.017870 seconds 
========================================================================
Received Import Request.
  Time since last request: 0.000017 seconds.
  path: Assets/PolygonalMind/LowPolyOffice/Props/mesh_chair02.fbx
  artifactKey: Guid(1d503b89d5aef134282d8fc38e41f52c) Importer(815301076,1909f56bfc062723c751e8b465ee728b)
Start importing Assets/PolygonalMind/LowPolyOffice/Props/mesh_chair02.fbx using Guid(1d503b89d5aef134282d8fc38e41f52c) Importer(815301076,1909f56bfc062723c751e8b465ee728b)  -> (artifact id: 'f486d26df3c94ca3b88ac5ee966980b0') in 0.018036 seconds 
========================================================================
Received Import Request.
  Time since last request: 0.000021 seconds.
  path: Assets/PolygonalMind/LowPolyOffice/Props/mesh_cabinets.fbx
  artifactKey: Guid(a4f29f93f6cf7c844b4c2bbbf5fb3e9f) Importer(815301076,1909f56bfc062723c751e8b465ee728b)
Start importing Assets/PolygonalMind/LowPolyOffice/Props/mesh_cabinets.fbx using Guid(a4f29f93f6cf7c844b4c2bbbf5fb3e9f) Importer(815301076,1909f56bfc062723c751e8b465ee728b)  -> (artifact id: '386eb59758a22f851c9a8b47312dc34b') in 0.037706 seconds 
========================================================================
Received Import Request.
  Time since last request: 0.000017 seconds.
  path: Assets/PolygonalMind/LowPolyOffice/Props/mesh_vr_01.fbx
  artifactKey: Guid(b7b25063469096f42adc4e3ffa7525a0) Importer(815301076,1909f56bfc062723c751e8b465ee728b)
Start importing Assets/PolygonalMind/LowPolyOffice/Props/mesh_vr_01.fbx using Guid(b7b25063469096f42adc4e3ffa7525a0) Importer(815301076,1909f56bfc062723c751e8b465ee728b)  -> (artifact id: '676c461b76857f50325c598047fd3529') in 0.016928 seconds 
========================================================================
Received Import Request.
  Time since last request: 0.000017 seconds.
  path: Assets/PolygonalMind/LowPolyOffice/Props/mesh_bin_01.fbx
  artifactKey: Guid(33a6f0c77a714eb49b8a3506374ab579) Importer(815301076,1909f56bfc062723c751e8b465ee728b)
Start importing Assets/PolygonalMind/LowPolyOffice/Props/mesh_bin_01.fbx using Guid(33a6f0c77a714eb49b8a3506374ab579) Importer(815301076,1909f56bfc062723c751e8b465ee728b)  -> (artifact id: 'c5f719cfacf47fc2b26b084e617341e9') in 0.015079 seconds 
========================================================================
Received Import Request.
  Time since last request: 0.000023 seconds.
  path: Assets/PolygonalMind/LowPolyOffice/Props/mesh_table_b_01.fbx
  artifactKey: Guid(6d2bdd4720a7ac44687edae6f95a1258) Importer(815301076,1909f56bfc062723c751e8b465ee728b)
Start importing Assets/PolygonalMind/LowPolyOffice/Props/mesh_table_b_01.fbx using Guid(6d2bdd4720a7ac44687edae6f95a1258) Importer(815301076,1909f56bfc062723c751e8b465ee728b)  -> (artifact id: 'd15770ad88c8786c920df24a9d22b291') in 0.013632 seconds 
========================================================================
Received Import Request.
  Time since last request: 0.000017 seconds.
  path: Assets/PolygonalMind/LowPolyOffice/Props/mesh_stamp.fbx
  artifactKey: Guid(3ace4874a506ab845b660c5c2fb50b8a) Importer(815301076,1909f56bfc062723c751e8b465ee728b)
Start importing Assets/PolygonalMind/LowPolyOffice/Props/mesh_stamp.fbx using Guid(3ace4874a506ab845b660c5c2fb50b8a) Importer(815301076,1909f56bfc062723c751e8b465ee728b)  -> (artifact id: 'f41226a8a651ac015652458129b3f50f') in 0.017693 seconds 
========================================================================
Received Import Request.
  Time since last request: 0.000014 seconds.
  path: Assets/PolygonalMind/LowPolyOffice/Props/Mesh_Stapler.fbx
  artifactKey: Guid(d8a4a5ae3c6eec741b082105b15c8ae0) Importer(815301076,1909f56bfc062723c751e8b465ee728b)
Start importing Assets/PolygonalMind/LowPolyOffice/Props/Mesh_Stapler.fbx using Guid(d8a4a5ae3c6eec741b082105b15c8ae0) Importer(815301076,1909f56bfc062723c751e8b465ee728b)  -> (artifact id: '79bbde10be3468c7644fe76f39cfe162') in 0.025108 seconds 
========================================================================
Received Import Request.
  Time since last request: 0.000018 seconds.
  path: Assets/PolygonalMind/LowPolyOffice/Props/Mesh_Wall_X.fbx
  artifactKey: Guid(0baccc79203f06a4ebbde1333aeaa638) Importer(815301076,1909f56bfc062723c751e8b465ee728b)
Start importing Assets/PolygonalMind/LowPolyOffice/Props/Mesh_Wall_X.fbx using Guid(0baccc79203f06a4ebbde1333aeaa638) Importer(815301076,1909f56bfc062723c751e8b465ee728b)  -> (artifact id: 'fd754d397b867cadf44848f9c01b2162') in 0.014774 seconds 
========================================================================
Received Import Request.
  Time since last request: 0.000018 seconds.
  path: Assets/PolygonalMind/LowPolyOffice/Props/mesh_figurine.fbx
  artifactKey: Guid(824950d6f1030c34684c4cf547b26119) Importer(815301076,1909f56bfc062723c751e8b465ee728b)
Start importing Assets/PolygonalMind/LowPolyOffice/Props/mesh_figurine.fbx using Guid(824950d6f1030c34684c4cf547b26119) Importer(815301076,1909f56bfc062723c751e8b465ee728b)  -> (artifact id: '6f83a9b41dc620b72d6883194407e927') in 0.020138 seconds 
========================================================================
Received Import Request.
  Time since last request: 0.000021 seconds.
  path: Assets/PolygonalMind/LowPolyOffice/Props/mesh_safebox_01.fbx
  artifactKey: Guid(4bd711a34ca838c41afde7b040cd2369) Importer(815301076,1909f56bfc062723c751e8b465ee728b)
Start importing Assets/PolygonalMind/LowPolyOffice/Props/mesh_safebox_01.fbx using Guid(4bd711a34ca838c41afde7b040cd2369) Importer(815301076,1909f56bfc062723c751e8b465ee728b)  -> (artifact id: '7abd2d2b6e1b533354a06827c758ad3d') in 0.014702 seconds 
========================================================================
Received Import Request.
  Time since last request: 0.000030 seconds.
  path: Assets/PolygonalMind/LowPolyOffice/Props/mesh_desk_01.fbx
  artifactKey: Guid(42061b0f2f1d4b144b8dcfb9723c9e6e) Importer(815301076,1909f56bfc062723c751e8b465ee728b)
Start importing Assets/PolygonalMind/LowPolyOffice/Props/mesh_desk_01.fbx using Guid(42061b0f2f1d4b144b8dcfb9723c9e6e) Importer(815301076,1909f56bfc062723c751e8b465ee728b)  -> (artifact id: '82dae147edba2d31e0087d5ed6afb356') in 0.014670 seconds 
========================================================================
Received Import Request.
  Time since last request: 0.000016 seconds.
  path: Assets/PolygonalMind/LowPolyOffice/Props/mesh_clock 1.fbx
  artifactKey: Guid(a0c5c31f3a72cb5489d25412535caaab) Importer(815301076,1909f56bfc062723c751e8b465ee728b)
Start importing Assets/PolygonalMind/LowPolyOffice/Props/mesh_clock 1.fbx using Guid(a0c5c31f3a72cb5489d25412535caaab) Importer(815301076,1909f56bfc062723c751e8b465ee728b)  -> (artifact id: 'd2918907e230cda4bdb682dc69e20fc7') in 0.026594 seconds 
========================================================================
Received Import Request.
  Time since last request: 0.000014 seconds.
  path: Assets/PolygonalMind/LowPolyOffice/Props/mesh_cleaning_vroom.fbx
  artifactKey: Guid(d47e9697a1edf004980516e303f52155) Importer(815301076,1909f56bfc062723c751e8b465ee728b)
Start importing Assets/PolygonalMind/LowPolyOffice/Props/mesh_cleaning_vroom.fbx using Guid(d47e9697a1edf004980516e303f52155) Importer(815301076,1909f56bfc062723c751e8b465ee728b)  -> (artifact id: 'e43c640267333cb0d2ef3926b88be1cb') in 0.017611 seconds 
========================================================================
Received Import Request.
  Time since last request: 0.000014 seconds.
  path: Assets/PolygonalMind/LowPolyOffice/Props/Mesh_Wall_Standar.fbx
  artifactKey: Guid(8f747c61c6f15754b99fb57be237571c) Importer(815301076,1909f56bfc062723c751e8b465ee728b)
Start importing Assets/PolygonalMind/LowPolyOffice/Props/Mesh_Wall_Standar.fbx using Guid(8f747c61c6f15754b99fb57be237571c) Importer(815301076,1909f56bfc062723c751e8b465ee728b)  -> (artifact id: '095f1a3f56874c55799c7c3a53414fe0') in 0.014440 seconds 
========================================================================
Received Import Request.
  Time since last request: 0.000018 seconds.
  path: Assets/PolygonalMind/LowPolyOffice/Props/mesh_shelf_01.fbx
  artifactKey: Guid(bcfec9a09800316479a203487f979f29) Importer(815301076,1909f56bfc062723c751e8b465ee728b)
Start importing Assets/PolygonalMind/LowPolyOffice/Props/mesh_shelf_01.fbx using Guid(bcfec9a09800316479a203487f979f29) Importer(815301076,1909f56bfc062723c751e8b465ee728b)  -> (artifact id: '88610d596072c5f5b58451c201935dad') in 0.014605 seconds 
========================================================================
Received Import Request.
  Time since last request: 0.000023 seconds.
  path: Assets/PolygonalMind/LowPolyOffice/Props/mesh_mouse_01.fbx
  artifactKey: Guid(df376604cbc0d73419a5eb96e06a6a06) Importer(815301076,1909f56bfc062723c751e8b465ee728b)
Start importing Assets/PolygonalMind/LowPolyOffice/Props/mesh_mouse_01.fbx using Guid(df376604cbc0d73419a5eb96e06a6a06) Importer(815301076,1909f56bfc062723c751e8b465ee728b)  -> (artifact id: 'fbb5b29454bae77eb24e8d6fac80a4df') in 0.013924 seconds 
========================================================================
Received Import Request.
  Time since last request: 0.000020 seconds.
  path: Assets/PolygonalMind/LowPolyOffice/Props/mesh_sofa.fbx
  artifactKey: Guid(ad168f78fcb2d214c978f0f537eba8ca) Importer(815301076,1909f56bfc062723c751e8b465ee728b)
Start importing Assets/PolygonalMind/LowPolyOffice/Props/mesh_sofa.fbx using Guid(ad168f78fcb2d214c978f0f537eba8ca) Importer(815301076,1909f56bfc062723c751e8b465ee728b)  -> (artifact id: '83c908832a64a460871fffc75aa4fd90') in 0.043479 seconds 
========================================================================
Received Import Request.
  Time since last request: 0.000015 seconds.
  path: Assets/PolygonalMind/LowPolyOffice/Props/mesh_caution_wetfloor.fbx
  artifactKey: Guid(8fe609c4911afa54392239563cb7a49a) Importer(815301076,1909f56bfc062723c751e8b465ee728b)
Start importing Assets/PolygonalMind/LowPolyOffice/Props/mesh_caution_wetfloor.fbx using Guid(8fe609c4911afa54392239563cb7a49a) Importer(815301076,1909f56bfc062723c751e8b465ee728b)  -> (artifact id: '437e74d89e169088cce862c5d2a74a1f') in 0.022418 seconds 
========================================================================
Received Import Request.
  Time since last request: 0.000018 seconds.
  path: Assets/PolygonalMind/LowPolyOffice/Props/mesh_paperbox.fbx
  artifactKey: Guid(b93e089d5d541bc4fb4bd6138ac1ec7c) Importer(815301076,1909f56bfc062723c751e8b465ee728b)
Start importing Assets/PolygonalMind/LowPolyOffice/Props/mesh_paperbox.fbx using Guid(b93e089d5d541bc4fb4bd6138ac1ec7c) Importer(815301076,1909f56bfc062723c751e8b465ee728b)  -> (artifact id: '24d959bde11a51245ec7b0666ca68ab8') in 0.020337 seconds 
========================================================================
Received Import Request.
  Time since last request: 0.000023 seconds.
  path: Assets/PolygonalMind/LowPolyOffice/Props/Mesh_Door_Exit.fbx
  artifactKey: Guid(641bb16b2f0bb0c48857f3cf92cf1aa9) Importer(815301076,1909f56bfc062723c751e8b465ee728b)
Start importing Assets/PolygonalMind/LowPolyOffice/Props/Mesh_Door_Exit.fbx using Guid(641bb16b2f0bb0c48857f3cf92cf1aa9) Importer(815301076,1909f56bfc062723c751e8b465ee728b)  -> (artifact id: '3ad9d01f937555296289997ca9a0b297') in 0.014207 seconds 
========================================================================
Received Import Request.
  Time since last request: 0.000019 seconds.
  path: Assets/PolygonalMind/LowPolyOffice/Props/mesh_cleaning_cube.fbx
  artifactKey: Guid(073ad4d1b0bcb9c42999c82f3a243287) Importer(815301076,1909f56bfc062723c751e8b465ee728b)
Start importing Assets/PolygonalMind/LowPolyOffice/Props/mesh_cleaning_cube.fbx using Guid(073ad4d1b0bcb9c42999c82f3a243287) Importer(815301076,1909f56bfc062723c751e8b465ee728b)  -> (artifact id: 'cc85d3a9009f3efa1915bb6dd5aef903') in 0.020275 seconds 
========================================================================
Received Import Request.
  Time since last request: 0.000017 seconds.
  path: Assets/PolygonalMind/LowPolyOffice/Props/Mesh_Door.fbx
  artifactKey: Guid(1f027cd5c40b5344fb229ca6067e8052) Importer(815301076,1909f56bfc062723c751e8b465ee728b)
Start importing Assets/PolygonalMind/LowPolyOffice/Props/Mesh_Door.fbx using Guid(1f027cd5c40b5344fb229ca6067e8052) Importer(815301076,1909f56bfc062723c751e8b465ee728b)  -> (artifact id: '8f1198083b3500e693ada720bfecdace') in 0.026266 seconds 
========================================================================
Received Import Request.
  Time since last request: 0.000020 seconds.
  path: Assets/PolygonalMind/LowPolyOffice/Props/mesh_plant_b_01.fbx
  artifactKey: Guid(8bdb4a45ed93f8b4bbd8b5938bafbc81) Importer(815301076,1909f56bfc062723c751e8b465ee728b)
Start importing Assets/PolygonalMind/LowPolyOffice/Props/mesh_plant_b_01.fbx using Guid(8bdb4a45ed93f8b4bbd8b5938bafbc81) Importer(815301076,1909f56bfc062723c751e8b465ee728b)  -> (artifact id: '0898c64acd087092303468c7faabaa2e') in 0.014480 seconds 
========================================================================
Received Import Request.
  Time since last request: 0.000024 seconds.
  path: Assets/PolygonalMind/LowPolyOffice/Props/mesh_shredder.fbx
  artifactKey: Guid(6b947d46edee463439593ad16657fc4a) Importer(815301076,1909f56bfc062723c751e8b465ee728b)
Start importing Assets/PolygonalMind/LowPolyOffice/Props/mesh_shredder.fbx using Guid(6b947d46edee463439593ad16657fc4a) Importer(815301076,1909f56bfc062723c751e8b465ee728b)  -> (artifact id: 'de02eb96921cb683c621902e3c3ab506') in 0.019181 seconds 
========================================================================
Received Import Request.
  Time since last request: 0.000017 seconds.
  path: Assets/PolygonalMind/LowPolyOffice/Props/mesh_cleaning_sprayBottle.fbx
  artifactKey: Guid(7e74345b0f910414ab6013d907c57264) Importer(815301076,1909f56bfc062723c751e8b465ee728b)
Start importing Assets/PolygonalMind/LowPolyOffice/Props/mesh_cleaning_sprayBottle.fbx using Guid(7e74345b0f910414ab6013d907c57264) Importer(815301076,1909f56bfc062723c751e8b465ee728b)  -> (artifact id: '881d50c625c1ed0101d2c05b349e7726') in 0.019164 seconds 
========================================================================
Received Import Request.
  Time since last request: 0.000013 seconds.
  path: Assets/PolygonalMind/LowPolyOffice/Props/mesh_photo.fbx
  artifactKey: Guid(5e7c9835ef504ec4b946488ea4724292) Importer(815301076,1909f56bfc062723c751e8b465ee728b)
Start importing Assets/PolygonalMind/LowPolyOffice/Props/mesh_photo.fbx using Guid(5e7c9835ef504ec4b946488ea4724292) Importer(815301076,1909f56bfc062723c751e8b465ee728b)  -> (artifact id: '6f93ce4608bde5122dd4d9a0682599ef') in 0.019306 seconds 
========================================================================
Received Import Request.
  Time since last request: 0.000015 seconds.
  path: Assets/PolygonalMind/LowPolyOffice/Props/mesh_officechair.fbx
  artifactKey: Guid(a3f3f21035a7fec4d8d213a85df99633) Importer(815301076,1909f56bfc062723c751e8b465ee728b)
Start importing Assets/PolygonalMind/LowPolyOffice/Props/mesh_officechair.fbx using Guid(a3f3f21035a7fec4d8d213a85df99633) Importer(815301076,1909f56bfc062723c751e8b465ee728b)  -> (artifact id: 'bb47508b7004f813de801fadf5c661a4') in 0.018933 seconds 
========================================================================
Received Import Request.
  Time since last request: 0.000014 seconds.
  path: Assets/PolygonalMind/LowPolyOffice/Props/mesh_phone_01.fbx
  artifactKey: Guid(0bae4f35a5b343c45af58790b4bde558) Importer(815301076,1909f56bfc062723c751e8b465ee728b)
Start importing Assets/PolygonalMind/LowPolyOffice/Props/mesh_phone_01.fbx using Guid(0bae4f35a5b343c45af58790b4bde558) Importer(815301076,1909f56bfc062723c751e8b465ee728b)  -> (artifact id: 'b1540b39d88f27280768001b5d6f92ba') in 0.015546 seconds 
========================================================================
Received Import Request.
  Time since last request: 0.000015 seconds.
  path: Assets/PolygonalMind/LowPolyOffice/Props/mesh_extinguisher_01.fbx
  artifactKey: Guid(e74d831e5f17ed542a7bbb5f55845c4d) Importer(815301076,1909f56bfc062723c751e8b465ee728b)
Start importing Assets/PolygonalMind/LowPolyOffice/Props/mesh_extinguisher_01.fbx using Guid(e74d831e5f17ed542a7bbb5f55845c4d) Importer(815301076,1909f56bfc062723c751e8b465ee728b)  -> (artifact id: '011f2ad48ff7099a8872dbe63479b796') in 0.015652 seconds 
========================================================================
Received Import Request.
  Time since last request: 0.000021 seconds.
  path: Assets/PolygonalMind/LowPolyOffice/Props/mesh_mug.fbx
  artifactKey: Guid(191dcd3db83f64342943a4b8dd6c6157) Importer(815301076,1909f56bfc062723c751e8b465ee728b)
Start importing Assets/PolygonalMind/LowPolyOffice/Props/mesh_mug.fbx using Guid(191dcd3db83f64342943a4b8dd6c6157) Importer(815301076,1909f56bfc062723c751e8b465ee728b)  -> (artifact id: '215564b03876eae525fddafd42130390') in 0.018946 seconds 
========================================================================
Received Import Request.
  Time since last request: 0.000021 seconds.
  path: Assets/PolygonalMind/LowPolyOffice/Props/Mesh_Lingote.fbx
  artifactKey: Guid(a58013f0177348545a4cf949d94789c7) Importer(815301076,1909f56bfc062723c751e8b465ee728b)
Start importing Assets/PolygonalMind/LowPolyOffice/Props/Mesh_Lingote.fbx using Guid(a58013f0177348545a4cf949d94789c7) Importer(815301076,1909f56bfc062723c751e8b465ee728b)  -> (artifact id: 'd0ca1b3a75d10901f51a5a73db83c349') in 0.013616 seconds 
========================================================================
Received Import Request.
  Time since last request: 0.000017 seconds.
  path: Assets/PolygonalMind/LowPolyOffice/Props/Mesh_Wall_Door.fbx
  artifactKey: Guid(48b546e2cb88f2c4e9a16cc087bed287) Importer(815301076,1909f56bfc062723c751e8b465ee728b)
Start importing Assets/PolygonalMind/LowPolyOffice/Props/Mesh_Wall_Door.fbx using Guid(48b546e2cb88f2c4e9a16cc087bed287) Importer(815301076,1909f56bfc062723c751e8b465ee728b)  -> (artifact id: 'f3f215d360f5af1cbab7dde35c9861ef') in 0.015244 seconds 
========================================================================
Received Import Request.
  Time since last request: 0.000017 seconds.
  path: Assets/PolygonalMind/LowPolyOffice/Props/mesh_cleaning_cart.fbx
  artifactKey: Guid(c8d240abb19727340aeca0799fd2a023) Importer(815301076,1909f56bfc062723c751e8b465ee728b)
Start importing Assets/PolygonalMind/LowPolyOffice/Props/mesh_cleaning_cart.fbx using Guid(c8d240abb19727340aeca0799fd2a023) Importer(815301076,1909f56bfc062723c751e8b465ee728b)  -> (artifact id: '69ca2305c31da3058d9c5f20e3690081') in 0.018674 seconds 
========================================================================
Received Import Request.
  Time since last request: 0.000015 seconds.
  path: Assets/PolygonalMind/LowPolyOffice/Props/mesh_coatrack_01.fbx
  artifactKey: Guid(c9b75bcd3297cd34e9790084a023f1a1) Importer(815301076,1909f56bfc062723c751e8b465ee728b)
Start importing Assets/PolygonalMind/LowPolyOffice/Props/mesh_coatrack_01.fbx using Guid(c9b75bcd3297cd34e9790084a023f1a1) Importer(815301076,1909f56bfc062723c751e8b465ee728b)  -> (artifact id: 'd9beb12d025173b29a3529e4ea077d69') in 0.014083 seconds 
========================================================================
Received Import Request.
  Time since last request: 0.000014 seconds.
  path: Assets/PolygonalMind/LowPolyOffice/Props/mesh_l_table.fbx
  artifactKey: Guid(1ecf1a56521a0df459d3e2497fc5a210) Importer(815301076,1909f56bfc062723c751e8b465ee728b)
Start importing Assets/PolygonalMind/LowPolyOffice/Props/mesh_l_table.fbx using Guid(1ecf1a56521a0df459d3e2497fc5a210) Importer(815301076,1909f56bfc062723c751e8b465ee728b)  -> (artifact id: '38d81c190b38163af2af3bf37d6cdf37') in 0.024175 seconds 
========================================================================
Received Import Request.
  Time since last request: 0.000019 seconds.
  path: Assets/PolygonalMind/LowPolyOffice/Props/mesh_fireHose.fbx
  artifactKey: Guid(7cf3a72069c8cd14ab65dc1fbb7f16a4) Importer(815301076,1909f56bfc062723c751e8b465ee728b)
Start importing Assets/PolygonalMind/LowPolyOffice/Props/mesh_fireHose.fbx using Guid(7cf3a72069c8cd14ab65dc1fbb7f16a4) Importer(815301076,1909f56bfc062723c751e8b465ee728b)  -> (artifact id: 'fcbe6c44bc3066ad8569d9e4c80ecd61') in 0.017744 seconds 
========================================================================
Received Import Request.
  Time since last request: 0.000026 seconds.
  path: Assets/PolygonalMind/LowPolyOffice/Props/mesh_laptop_01.fbx
  artifactKey: Guid(d01bed409228d1040b01436565a3dec3) Importer(815301076,1909f56bfc062723c751e8b465ee728b)
Start importing Assets/PolygonalMind/LowPolyOffice/Props/mesh_laptop_01.fbx using Guid(d01bed409228d1040b01436565a3dec3) Importer(815301076,1909f56bfc062723c751e8b465ee728b)  -> (artifact id: '28b4f5a26734b76166d814afa22b7032') in 0.013600 seconds 
========================================================================
Received Import Request.
  Time since last request: 33.386224 seconds.
  path: Assets/PolygonalMind/LowPolyOffice/Props/mesh_whiteBoard.fbx
  artifactKey: Guid(1bef504c6cbc5794997df0dd46bb4c40) Importer(815301076,1909f56bfc062723c751e8b465ee728b)
Start importing Assets/PolygonalMind/LowPolyOffice/Props/mesh_whiteBoard.fbx using Guid(1bef504c6cbc5794997df0dd46bb4c40) Importer(815301076,1909f56bfc062723c751e8b465ee728b)  -> (artifact id: '0d5af7b73aca9a816bb311eb21b90271') in 0.051274 seconds 
========================================================================
Received Import Request.
  Time since last request: 0.000017 seconds.
  path: Assets/PolygonalMind/LowPolyOffice/Props/mesh_windowhole.fbx
  artifactKey: Guid(9fd0561331f06b6489557667f2672447) Importer(815301076,1909f56bfc062723c751e8b465ee728b)
Start importing Assets/PolygonalMind/LowPolyOffice/Props/mesh_windowhole.fbx using Guid(9fd0561331f06b6489557667f2672447) Importer(815301076,1909f56bfc062723c751e8b465ee728b)  -> (artifact id: '62ba2f7ecb3a1ff3f007b39264357673') in 0.019933 seconds 
========================================================================
Received Import Request.
  Time since last request: 0.000022 seconds.
  path: Assets/PolygonalMind/LowPolyOffice/Props/wall(Clone).prefab
  artifactKey: Guid(9b9ff3df15d109a48b665d8750e7d276) Importer(815301076,1909f56bfc062723c751e8b465ee728b)
Start importing Assets/PolygonalMind/LowPolyOffice/Props/wall(Clone).prefab using Guid(9b9ff3df15d109a48b665d8750e7d276) Importer(815301076,1909f56bfc062723c751e8b465ee728b)  -> (artifact id: '11179a9f6e04a64c969b6006dbfec093') in 0.009062 seconds 
========================================================================
Received Import Request.
  Time since last request: 0.000016 seconds.
  path: Assets/PolygonalMind/LowPolyOffice/Props/mesh_window.fbx
  artifactKey: Guid(1e861bfed19ef9e419528c4862abb705) Importer(815301076,1909f56bfc062723c751e8b465ee728b)
Start importing Assets/PolygonalMind/LowPolyOffice/Props/mesh_window.fbx using Guid(1e861bfed19ef9e419528c4862abb705) Importer(815301076,1909f56bfc062723c751e8b465ee728b)  -> (artifact id: 'aa1733cddb5c5a51440a508083c0f240') in 0.053961 seconds 
========================================================================
Received Import Request.
  Time since last request: 34.897624 seconds.
  path: Assets/PolygonalMind/LowPolyOffice/Characters
  artifactKey: Guid(22b5e4fd1065ddc4c9de4e1aad002de4) Importer(815301076,1909f56bfc062723c751e8b465ee728b)
Start importing Assets/PolygonalMind/LowPolyOffice/Characters using Guid(22b5e4fd1065ddc4c9de4e1aad002de4) Importer(815301076,1909f56bfc062723c751e8b465ee728b)  -> (artifact id: '8b6748dfb6da009acf7c4731dfce40d4') in 0.003010 seconds 
========================================================================
Received Import Request.
  Time since last request: 0.052843 seconds.
  path: Assets/PolygonalMind/LowPolyOffice/Characters/mesh_office_f_accountant01.fbx
  artifactKey: Guid(1d549942b3bfb7f43a1977dd6aa83a3d) Importer(815301076,1909f56bfc062723c751e8b465ee728b)
Start importing Assets/PolygonalMind/LowPolyOffice/Characters/mesh_office_f_accountant01.fbx using Guid(1d549942b3bfb7f43a1977dd6aa83a3d) Importer(815301076,1909f56bfc062723c751e8b465ee728b)  -> (artifact id: '0f0e3ab501524e701904156e59d47d59') in 0.214676 seconds 
========================================================================
Received Import Request.
  Time since last request: 0.000021 seconds.
  path: Assets/PolygonalMind/LowPolyOffice/Characters/mesh_office_f_intern01.fbx
  artifactKey: Guid(21a77591a0daf724ab231dca92a3fd89) Importer(815301076,1909f56bfc062723c751e8b465ee728b)
Start importing Assets/PolygonalMind/LowPolyOffice/Characters/mesh_office_f_intern01.fbx using Guid(21a77591a0daf724ab231dca92a3fd89) Importer(815301076,1909f56bfc062723c751e8b465ee728b)  -> (artifact id: '1497dc00e02986c102a55d049d83dc28') in 0.025556 seconds 
========================================================================
Received Import Request.
  Time since last request: 0.000029 seconds.
  path: Assets/PolygonalMind/LowPolyOffice/Characters/mesh_office_m_secretary01.fbx
  artifactKey: Guid(03271f9a6853cca4ead5bd485cbc88d6) Importer(815301076,1909f56bfc062723c751e8b465ee728b)
Start importing Assets/PolygonalMind/LowPolyOffice/Characters/mesh_office_m_secretary01.fbx using Guid(03271f9a6853cca4ead5bd485cbc88d6) Importer(815301076,1909f56bfc062723c751e8b465ee728b)  -> (artifact id: 'ab35ca988731e96ee59ee2fa2b9e162a') in 0.026314 seconds 
========================================================================
Received Import Request.
  Time since last request: 0.000018 seconds.
  path: Assets/PolygonalMind/LowPolyOffice/Characters/mesh_office_f_secretary01.fbx
  artifactKey: Guid(333b69473df608940805a04317c56c6c) Importer(815301076,1909f56bfc062723c751e8b465ee728b)
Start importing Assets/PolygonalMind/LowPolyOffice/Characters/mesh_office_f_secretary01.fbx using Guid(333b69473df608940805a04317c56c6c) Importer(815301076,1909f56bfc062723c751e8b465ee728b)  -> (artifact id: '5c79f965d23e8166cb39e103d61385b6') in 0.030959 seconds 
========================================================================
Received Import Request.
  Time since last request: 0.000017 seconds.
  path: Assets/PolygonalMind/LowPolyOffice/Characters/mesh_office_m_chara01.fbx
  artifactKey: Guid(08a461955fe2451479862746f7aaf670) Importer(815301076,1909f56bfc062723c751e8b465ee728b)
Start importing Assets/PolygonalMind/LowPolyOffice/Characters/mesh_office_m_chara01.fbx using Guid(08a461955fe2451479862746f7aaf670) Importer(815301076,1909f56bfc062723c751e8b465ee728b)  -> (artifact id: '209a8585cd5152bd9ef6b9973855f6e4') in 0.026561 seconds 
========================================================================
Received Import Request.
  Time since last request: 0.000016 seconds.
  path: Assets/PolygonalMind/LowPolyOffice/Characters/mesh_office_m_recepcionist01.fbx
  artifactKey: Guid(99ce9a003a52a734eb94c75c86ed4e3d) Importer(815301076,1909f56bfc062723c751e8b465ee728b)
Start importing Assets/PolygonalMind/LowPolyOffice/Characters/mesh_office_m_recepcionist01.fbx using Guid(99ce9a003a52a734eb94c75c86ed4e3d) Importer(815301076,1909f56bfc062723c751e8b465ee728b)  -> (artifact id: 'a22b093cd0315e96b29d2d3cffe76ff9') in 0.025519 seconds 
========================================================================
Received Import Request.
  Time since last request: 0.000021 seconds.
  path: Assets/PolygonalMind/LowPolyOffice/Characters/mesh_office_f_recepcionist01.fbx
  artifactKey: Guid(0f623bf014001584995ab5372e19323d) Importer(815301076,1909f56bfc062723c751e8b465ee728b)
Start importing Assets/PolygonalMind/LowPolyOffice/Characters/mesh_office_f_recepcionist01.fbx using Guid(0f623bf014001584995ab5372e19323d) Importer(815301076,1909f56bfc062723c751e8b465ee728b)  -> (artifact id: '2e214cf0f9d8ef4f1da6e2b5e1f05815') in 0.028410 seconds 
========================================================================
Received Import Request.
  Time since last request: 0.000018 seconds.
  path: Assets/PolygonalMind/LowPolyOffice/Characters/mesh_office_m_rival01.fbx
  artifactKey: Guid(2c6fcb3004ba0e344908982afcefad9c) Importer(815301076,1909f56bfc062723c751e8b465ee728b)
Start importing Assets/PolygonalMind/LowPolyOffice/Characters/mesh_office_m_rival01.fbx using Guid(2c6fcb3004ba0e344908982afcefad9c) Importer(815301076,1909f56bfc062723c751e8b465ee728b)  -> (artifact id: '4c9954210452a2318be68b2a33283327') in 0.030756 seconds 
========================================================================
Received Import Request.
  Time since last request: 0.000020 seconds.
  path: Assets/PolygonalMind/LowPolyOffice/Characters/mesh_office_f_suspenders01.fbx
  artifactKey: Guid(b76b28eac0febc743801947f6ead1ded) Importer(815301076,1909f56bfc062723c751e8b465ee728b)
Start importing Assets/PolygonalMind/LowPolyOffice/Characters/mesh_office_f_suspenders01.fbx using Guid(b76b28eac0febc743801947f6ead1ded) Importer(815301076,1909f56bfc062723c751e8b465ee728b)  -> (artifact id: 'e6615cad470defa0ed7052fe0ac3bcfa') in 0.026403 seconds 
========================================================================
Received Import Request.
  Time since last request: 0.000024 seconds.
  path: Assets/PolygonalMind/LowPolyOffice/Characters/mesh_office_m_it01.fbx
  artifactKey: Guid(5773791c2747fd34aa8dfbe1cf71e51a) Importer(815301076,1909f56bfc062723c751e8b465ee728b)
Start importing Assets/PolygonalMind/LowPolyOffice/Characters/mesh_office_m_it01.fbx using Guid(5773791c2747fd34aa8dfbe1cf71e51a) Importer(815301076,1909f56bfc062723c751e8b465ee728b)  -> (artifact id: 'b8c4abe3ba59738ff458f9e0541f6aac') in 0.024902 seconds 
========================================================================
Received Import Request.
  Time since last request: 0.000017 seconds.
  path: Assets/PolygonalMind/LowPolyOffice/Characters/mesh_office_m_black01.fbx
  artifactKey: Guid(cdaba05c004e27b4d8f2f4478674afec) Importer(815301076,1909f56bfc062723c751e8b465ee728b)
Start importing Assets/PolygonalMind/LowPolyOffice/Characters/mesh_office_m_black01.fbx using Guid(cdaba05c004e27b4d8f2f4478674afec) Importer(815301076,1909f56bfc062723c751e8b465ee728b)  -> (artifact id: '0abe10097a2db85dd6ffbba557ec8c4e') in 0.024364 seconds 
========================================================================
Received Import Request.
  Time since last request: 0.000041 seconds.
  path: Assets/PolygonalMind/LowPolyOffice/Characters/mesh_office_m_suspenders01.fbx
  artifactKey: Guid(4e6fd9393b923094db14dc563f557f38) Importer(815301076,1909f56bfc062723c751e8b465ee728b)
Start importing Assets/PolygonalMind/LowPolyOffice/Characters/mesh_office_m_suspenders01.fbx using Guid(4e6fd9393b923094db14dc563f557f38) Importer(815301076,1909f56bfc062723c751e8b465ee728b)  -> (artifact id: '259c42ae12cb841d8b385732a700a832') in 0.024013 seconds 
========================================================================
Received Import Request.
  Time since last request: 0.000017 seconds.
  path: Assets/PolygonalMind/LowPolyOffice/Characters/mesh_office_m_slacker01.fbx
  artifactKey: Guid(dc523cb225f130945948050f34f17565) Importer(815301076,1909f56bfc062723c751e8b465ee728b)
Start importing Assets/PolygonalMind/LowPolyOffice/Characters/mesh_office_m_slacker01.fbx using Guid(dc523cb225f130945948050f34f17565) Importer(815301076,1909f56bfc062723c751e8b465ee728b)  -> (artifact id: '8d4652e3d251de2c39c9d8e368e06c22') in 0.024596 seconds 
========================================================================
Received Import Request.
  Time since last request: 0.000017 seconds.
  path: Assets/PolygonalMind/LowPolyOffice/Characters/mesh_office_f_chara01.fbx
  artifactKey: Guid(0a9d829b6431f35448b98cdf4aa9fda9) Importer(815301076,1909f56bfc062723c751e8b465ee728b)
Start importing Assets/PolygonalMind/LowPolyOffice/Characters/mesh_office_f_chara01.fbx using Guid(0a9d829b6431f35448b98cdf4aa9fda9) Importer(815301076,1909f56bfc062723c751e8b465ee728b)  -> (artifact id: '3b75b66b167b2e8fb4c0eb04eb438cc6') in 0.024925 seconds 
========================================================================
Received Import Request.
  Time since last request: 0.000018 seconds.
  path: Assets/PolygonalMind/LowPolyOffice/Characters/mesh_office_f_it01.fbx
  artifactKey: Guid(7743b022045d0174d84e071efb0fae67) Importer(815301076,1909f56bfc062723c751e8b465ee728b)
Start importing Assets/PolygonalMind/LowPolyOffice/Characters/mesh_office_f_it01.fbx using Guid(7743b022045d0174d84e071efb0fae67) Importer(815301076,1909f56bfc062723c751e8b465ee728b)  -> (artifact id: '10a075be40fb8a3d1264b1a5160aee44') in 0.025752 seconds 
========================================================================
Received Import Request.
  Time since last request: 0.000028 seconds.
  path: Assets/PolygonalMind/LowPolyOffice/Characters/mesh_office_m_cleaning01.fbx
  artifactKey: Guid(a8a9111dda17c03468f31a452d4b1727) Importer(815301076,1909f56bfc062723c751e8b465ee728b)
Start importing Assets/PolygonalMind/LowPolyOffice/Characters/mesh_office_m_cleaning01.fbx using Guid(a8a9111dda17c03468f31a452d4b1727) Importer(815301076,1909f56bfc062723c751e8b465ee728b)  -> (artifact id: 'e4760d5ef373f3bb81a553efc3a957d2') in 0.028031 seconds 
========================================================================
Received Import Request.
  Time since last request: 0.000088 seconds.
  path: Assets/PolygonalMind/LowPolyOffice/Characters/mesh_office_m_stoned01.fbx
  artifactKey: Guid(79af54673e3c5ef4b81a74e37f691256) Importer(815301076,1909f56bfc062723c751e8b465ee728b)
Start importing Assets/PolygonalMind/LowPolyOffice/Characters/mesh_office_m_stoned01.fbx using Guid(79af54673e3c5ef4b81a74e37f691256) Importer(815301076,1909f56bfc062723c751e8b465ee728b)  -> (artifact id: '99f781e1b1296972a001201237f114af') in 0.031623 seconds 
========================================================================
Received Import Request.
  Time since last request: 0.000014 seconds.
  path: Assets/PolygonalMind/LowPolyOffice/Characters/mesh_office_f_black01.fbx
  artifactKey: Guid(d18df5b376f9b1c41ac18ad439491ff3) Importer(815301076,1909f56bfc062723c751e8b465ee728b)
Start importing Assets/PolygonalMind/LowPolyOffice/Characters/mesh_office_f_black01.fbx using Guid(d18df5b376f9b1c41ac18ad439491ff3) Importer(815301076,1909f56bfc062723c751e8b465ee728b)  -> (artifact id: 'a80b1d4bddc9bb6d7ff9fc37c6bb9783') in 0.025451 seconds 
========================================================================
Received Import Request.
  Time since last request: 0.000018 seconds.
  path: Assets/PolygonalMind/LowPolyOffice/Characters/mesh_office_m_boss01.fbx
  artifactKey: Guid(185bfac8d64a19645a089256063d89ca) Importer(815301076,1909f56bfc062723c751e8b465ee728b)
Start importing Assets/PolygonalMind/LowPolyOffice/Characters/mesh_office_m_boss01.fbx using Guid(185bfac8d64a19645a089256063d89ca) Importer(815301076,1909f56bfc062723c751e8b465ee728b)  -> (artifact id: '6871949957a9c5c10a029c9d1c547d3e') in 0.026339 seconds 
========================================================================
Received Import Request.
  Time since last request: 0.000016 seconds.
  path: Assets/PolygonalMind/LowPolyOffice/Characters/mesh_office_f_marketing01.fbx
  artifactKey: Guid(e6cfeff43f9f8d34b88b0b612909ac29) Importer(815301076,1909f56bfc062723c751e8b465ee728b)
Start importing Assets/PolygonalMind/LowPolyOffice/Characters/mesh_office_f_marketing01.fbx using Guid(e6cfeff43f9f8d34b88b0b612909ac29) Importer(815301076,1909f56bfc062723c751e8b465ee728b)  -> (artifact id: 'f1a8bd60dda060396260856dc9597a61') in 0.025951 seconds 
========================================================================
Received Import Request.
  Time since last request: 0.000015 seconds.
  path: Assets/PolygonalMind/LowPolyOffice/Characters/mesh_office_f_cleaning01.fbx
  artifactKey: Guid(4cd1d8a3fc2464b43b0399f07fdad9f0) Importer(815301076,1909f56bfc062723c751e8b465ee728b)
Start importing Assets/PolygonalMind/LowPolyOffice/Characters/mesh_office_f_cleaning01.fbx using Guid(4cd1d8a3fc2464b43b0399f07fdad9f0) Importer(815301076,1909f56bfc062723c751e8b465ee728b)  -> (artifact id: 'fb317c2f7b2463003c5b98232b8e4799') in 0.026333 seconds 
========================================================================
Received Import Request.
  Time since last request: 0.000064 seconds.
  path: Assets/PolygonalMind/LowPolyOffice/Characters/mesh_office_f_slacker01.fbx
  artifactKey: Guid(4d8055b6d6938c34c8737df771fae55c) Importer(815301076,1909f56bfc062723c751e8b465ee728b)
Start importing Assets/PolygonalMind/LowPolyOffice/Characters/mesh_office_f_slacker01.fbx using Guid(4d8055b6d6938c34c8737df771fae55c) Importer(815301076,1909f56bfc062723c751e8b465ee728b)  -> (artifact id: 'f4d35fef79bdfbf0c097df31718e6b1d') in 0.027965 seconds 
========================================================================
Received Import Request.
  Time since last request: 0.000023 seconds.
  path: Assets/PolygonalMind/LowPolyOffice/Characters/mesh_office_m_accountant01.fbx
  artifactKey: Guid(019e63eb398053c4ab097c7d982339d2) Importer(815301076,1909f56bfc062723c751e8b465ee728b)
Start importing Assets/PolygonalMind/LowPolyOffice/Characters/mesh_office_m_accountant01.fbx using Guid(019e63eb398053c4ab097c7d982339d2) Importer(815301076,1909f56bfc062723c751e8b465ee728b)  -> (artifact id: '0d8317ed77abcb98bfe2a5f267104001') in 0.024255 seconds 
========================================================================
Received Import Request.
  Time since last request: 0.000016 seconds.
  path: Assets/PolygonalMind/LowPolyOffice/Characters/mesh_office_f_annoying01.fbx
  artifactKey: Guid(438ef91a5f9e61c45941464eebc462dd) Importer(815301076,1909f56bfc062723c751e8b465ee728b)
Start importing Assets/PolygonalMind/LowPolyOffice/Characters/mesh_office_f_annoying01.fbx using Guid(438ef91a5f9e61c45941464eebc462dd) Importer(815301076,1909f56bfc062723c751e8b465ee728b)  -> (artifact id: 'd4cadd438f8db5d404afcdd696c7580f') in 0.026270 seconds 
========================================================================
Received Import Request.
  Time since last request: 0.000015 seconds.
  path: Assets/PolygonalMind/LowPolyOffice/Characters/mesh_office_m_hipster01.fbx
  artifactKey: Guid(ec65e91f0d37ac74a89bcd7fa3354177) Importer(815301076,1909f56bfc062723c751e8b465ee728b)
Start importing Assets/PolygonalMind/LowPolyOffice/Characters/mesh_office_m_hipster01.fbx using Guid(ec65e91f0d37ac74a89bcd7fa3354177) Importer(815301076,1909f56bfc062723c751e8b465ee728b)  -> (artifact id: '5df224e9498fd716eb207f9df2053768') in 0.026417 seconds 
========================================================================
Received Import Request.
  Time since last request: 0.000015 seconds.
  path: Assets/PolygonalMind/LowPolyOffice/Characters/mesh_office_f_hipster01.fbx
  artifactKey: Guid(de452870b33d3a647b54b8b1fb10ff41) Importer(815301076,1909f56bfc062723c751e8b465ee728b)
Start importing Assets/PolygonalMind/LowPolyOffice/Characters/mesh_office_f_hipster01.fbx using Guid(de452870b33d3a647b54b8b1fb10ff41) Importer(815301076,1909f56bfc062723c751e8b465ee728b)  -> (artifact id: 'f433dbe5dc2959e977c13b3353119438') in 0.025230 seconds 
========================================================================
Received Import Request.
  Time since last request: 0.000052 seconds.
  path: Assets/PolygonalMind/LowPolyOffice/Characters/mesh_office_m_marketing01.fbx
  artifactKey: Guid(b538e4dd12efa8a40ab7dd3a66d39dc7) Importer(815301076,1909f56bfc062723c751e8b465ee728b)
Start importing Assets/PolygonalMind/LowPolyOffice/Characters/mesh_office_m_marketing01.fbx using Guid(b538e4dd12efa8a40ab7dd3a66d39dc7) Importer(815301076,1909f56bfc062723c751e8b465ee728b)  -> (artifact id: '376fd4e5dd89154bb96a8f588ee1088e') in 0.029849 seconds 
========================================================================
Received Import Request.
  Time since last request: 0.000027 seconds.
  path: Assets/PolygonalMind/LowPolyOffice/Characters/mesh_office_f_boss01.fbx
  artifactKey: Guid(527746c3de683a746b700572020ce4c1) Importer(815301076,1909f56bfc062723c751e8b465ee728b)
Start importing Assets/PolygonalMind/LowPolyOffice/Characters/mesh_office_f_boss01.fbx using Guid(527746c3de683a746b700572020ce4c1) Importer(815301076,1909f56bfc062723c751e8b465ee728b)  -> (artifact id: '1f33d42229526f8a8e92e28d719b1fa6') in 0.054736 seconds 
========================================================================
Received Import Request.
  Time since last request: 0.000017 seconds.
  path: Assets/PolygonalMind/LowPolyOffice/Characters/mesh_office_m_intern01.fbx
  artifactKey: Guid(4a57d19eb4452ff498c17131cefb7882) Importer(815301076,1909f56bfc062723c751e8b465ee728b)
Start importing Assets/PolygonalMind/LowPolyOffice/Characters/mesh_office_m_intern01.fbx using Guid(4a57d19eb4452ff498c17131cefb7882) Importer(815301076,1909f56bfc062723c751e8b465ee728b)  -> (artifact id: '950eb7cdf0ef66ea8a2b907297ada4f4') in 0.023658 seconds 
========================================================================
Received Import Request.
  Time since last request: 97.078159 seconds.
  path: Assets/Wand and Circles/Polygon City Free Pack - Environment and Interior/Prefabs/Stones/Big Stones
  artifactKey: Guid(347250091176d094d84ee46ecd92c296) Importer(815301076,1909f56bfc062723c751e8b465ee728b)
Start importing Assets/Wand and Circles/Polygon City Free Pack - Environment and Interior/Prefabs/Stones/Big Stones using Guid(347250091176d094d84ee46ecd92c296) Importer(815301076,1909f56bfc062723c751e8b465ee728b)  -> (artifact id: '33f0bf43811b1ad615bcc97e92b2c807') in 0.002520 seconds 
========================================================================
Received Import Request.
  Time since last request: 0.029585 seconds.
  path: Assets/Wand and Circles/Polygon City Free Pack - Environment and Interior/Prefabs/Stones/Big Stones/Big stone.prefab
  artifactKey: Guid(001f45d171dd9a3489fcc609fbe7856e) Importer(815301076,1909f56bfc062723c751e8b465ee728b)
Start importing Assets/Wand and Circles/Polygon City Free Pack - Environment and Interior/Prefabs/Stones/Big Stones/Big stone.prefab using Guid(001f45d171dd9a3489fcc609fbe7856e) Importer(815301076,1909f56bfc062723c751e8b465ee728b)  -> (artifact id: '384553d444e3baa7f168fe0c2b3c7433') in 0.010818 seconds 
========================================================================
Received Import Request.
  Time since last request: 0.000017 seconds.
  path: Assets/Wand and Circles/Polygon City Free Pack - Environment and Interior/Prefabs/Stones/Big Stones/Big stone_2.prefab
  artifactKey: Guid(df7a67d7c28de8847be08621839e032c) Importer(815301076,1909f56bfc062723c751e8b465ee728b)
Start importing Assets/Wand and Circles/Polygon City Free Pack - Environment and Interior/Prefabs/Stones/Big Stones/Big stone_2.prefab using Guid(df7a67d7c28de8847be08621839e032c) Importer(815301076,1909f56bfc062723c751e8b465ee728b)  -> (artifact id: '0b086af21a4153ae4e6a191962aaee2c') in 0.012314 seconds 
========================================================================
Received Import Request.
  Time since last request: 0.000018 seconds.
  path: Assets/Wand and Circles/Polygon City Free Pack - Environment and Interior/Prefabs/Stones/Big Stones/Big stone_4.prefab
  artifactKey: Guid(21166f7b1dcc13b4ba7e0f0c79c705eb) Importer(815301076,1909f56bfc062723c751e8b465ee728b)
Start importing Assets/Wand and Circles/Polygon City Free Pack - Environment and Interior/Prefabs/Stones/Big Stones/Big stone_4.prefab using Guid(21166f7b1dcc13b4ba7e0f0c79c705eb) Importer(815301076,1909f56bfc062723c751e8b465ee728b)  -> (artifact id: '0f7cfc71ded2692da7aa306d87ecf7a5') in 0.010533 seconds 
========================================================================
Received Import Request.
  Time since last request: 0.000023 seconds.
  path: Assets/Wand and Circles/Polygon City Free Pack - Environment and Interior/Prefabs/Stones/Big Stones/Big stone_1.prefab
  artifactKey: Guid(b23e5be9ef1ac4c45b532fb7fb0f7edf) Importer(815301076,1909f56bfc062723c751e8b465ee728b)
Start importing Assets/Wand and Circles/Polygon City Free Pack - Environment and Interior/Prefabs/Stones/Big Stones/Big stone_1.prefab using Guid(b23e5be9ef1ac4c45b532fb7fb0f7edf) Importer(815301076,1909f56bfc062723c751e8b465ee728b)  -> (artifact id: '2dad19cd0ce92b7b56bc1da2cf6ae594') in 0.009406 seconds 
========================================================================
Received Import Request.
  Time since last request: 0.000016 seconds.
  path: Assets/Wand and Circles/Polygon City Free Pack - Environment and Interior/Prefabs/Stones/Big Stones/Big stone_0.prefab
  artifactKey: Guid(9ba39673b4ed1ab45b49a16faf85bc9b) Importer(815301076,1909f56bfc062723c751e8b465ee728b)
Start importing Assets/Wand and Circles/Polygon City Free Pack - Environment and Interior/Prefabs/Stones/Big Stones/Big stone_0.prefab using Guid(9ba39673b4ed1ab45b49a16faf85bc9b) Importer(815301076,1909f56bfc062723c751e8b465ee728b)  -> (artifact id: '1ccf1dd129c67c1cbf9f1ea2835674cb') in 0.010558 seconds 
========================================================================
Received Import Request.
  Time since last request: 0.000016 seconds.
  path: Assets/Wand and Circles/Polygon City Free Pack - Environment and Interior/Prefabs/Stones/Big Stones/Big stone_3.prefab
  artifactKey: Guid(754cf91f22b8fd14495f7dd8ce051aae) Importer(815301076,1909f56bfc062723c751e8b465ee728b)
Start importing Assets/Wand and Circles/Polygon City Free Pack - Environment and Interior/Prefabs/Stones/Big Stones/Big stone_3.prefab using Guid(754cf91f22b8fd14495f7dd8ce051aae) Importer(815301076,1909f56bfc062723c751e8b465ee728b)  -> (artifact id: '93c366949a4dc72ac598d95bb84fc5a0') in 0.009351 seconds 
========================================================================
Received Import Request.
  Time since last request: 1.677215 seconds.
  path: Assets/Wand and Circles/Polygon City Free Pack - Environment and Interior/Prefabs/Stones/Little Stones/Little Stone.prefab
  artifactKey: Guid(b71823bb2249a144cad0fd1d48d4ab5f) Importer(815301076,1909f56bfc062723c751e8b465ee728b)
Start importing Assets/Wand and Circles/Polygon City Free Pack - Environment and Interior/Prefabs/Stones/Little Stones/Little Stone.prefab using Guid(b71823bb2249a144cad0fd1d48d4ab5f) Importer(815301076,1909f56bfc062723c751e8b465ee728b)  -> (artifact id: '2e126c2683d4712adc0cd429894af915') in 0.010349 seconds 
========================================================================
Received Import Request.
  Time since last request: 0.000015 seconds.
  path: Assets/Wand and Circles/Polygon City Free Pack - Environment and Interior/Prefabs/Stones/Little Stones/Little Stone_11.prefab
  artifactKey: Guid(30c895ebf72f7ff4c9d0595a999ffee8) Importer(815301076,1909f56bfc062723c751e8b465ee728b)
Start importing Assets/Wand and Circles/Polygon City Free Pack - Environment and Interior/Prefabs/Stones/Little Stones/Little Stone_11.prefab using Guid(30c895ebf72f7ff4c9d0595a999ffee8) Importer(815301076,1909f56bfc062723c751e8b465ee728b)  -> (artifact id: '281131f30bc9f9c072672ac0908b18c1') in 0.011235 seconds 
========================================================================
Received Import Request.
  Time since last request: 0.000015 seconds.
  path: Assets/Wand and Circles/Polygon City Free Pack - Environment and Interior/Prefabs/Stones/Little Stones/Little Stone_4.prefab
  artifactKey: Guid(aa075fb6fa08ec943a041798e793583c) Importer(815301076,1909f56bfc062723c751e8b465ee728b)
Start importing Assets/Wand and Circles/Polygon City Free Pack - Environment and Interior/Prefabs/Stones/Little Stones/Little Stone_4.prefab using Guid(aa075fb6fa08ec943a041798e793583c) Importer(815301076,1909f56bfc062723c751e8b465ee728b)  -> (artifact id: '6971452ad567cd9b295870b6a04965c4') in 0.009735 seconds 
========================================================================
Received Import Request.
  Time since last request: 0.000014 seconds.
  path: Assets/Wand and Circles/Polygon City Free Pack - Environment and Interior/Prefabs/Stones/Little Stones/Little Stone_8.prefab
  artifactKey: Guid(b778ba81530777d408f8ef18c490a7ed) Importer(815301076,1909f56bfc062723c751e8b465ee728b)
Start importing Assets/Wand and Circles/Polygon City Free Pack - Environment and Interior/Prefabs/Stones/Little Stones/Little Stone_8.prefab using Guid(b778ba81530777d408f8ef18c490a7ed) Importer(815301076,1909f56bfc062723c751e8b465ee728b)  -> (artifact id: '0247245e363cd726641c69e64e28bf1d') in 0.009682 seconds 
========================================================================
Received Import Request.
  Time since last request: 0.000019 seconds.
  path: Assets/Wand and Circles/Polygon City Free Pack - Environment and Interior/Prefabs/Stones/Little Stones/Little Stone_12.prefab
  artifactKey: Guid(8eece6cf49c1793499a331b35d1a7c2b) Importer(815301076,1909f56bfc062723c751e8b465ee728b)
Start importing Assets/Wand and Circles/Polygon City Free Pack - Environment and Interior/Prefabs/Stones/Little Stones/Little Stone_12.prefab using Guid(8eece6cf49c1793499a331b35d1a7c2b) Importer(815301076,1909f56bfc062723c751e8b465ee728b)  -> (artifact id: '4401b73f699f127fc43bb9ebbf6b1ac7') in 0.009583 seconds 
========================================================================
Received Import Request.
  Time since last request: 0.000018 seconds.
  path: Assets/Wand and Circles/Polygon City Free Pack - Environment and Interior/Prefabs/Stones/Little Stones/Little Stone_1.prefab
  artifactKey: Guid(21405a586a9a2eb48a0ac87136a543fe) Importer(815301076,1909f56bfc062723c751e8b465ee728b)
Start importing Assets/Wand and Circles/Polygon City Free Pack - Environment and Interior/Prefabs/Stones/Little Stones/Little Stone_1.prefab using Guid(21405a586a9a2eb48a0ac87136a543fe) Importer(815301076,1909f56bfc062723c751e8b465ee728b)  -> (artifact id: 'ec5f90ecbf8dceda63f3b848e84b3c7b') in 0.009402 seconds 
========================================================================
Received Import Request.
  Time since last request: 0.000013 seconds.
  path: Assets/Wand and Circles/Polygon City Free Pack - Environment and Interior/Prefabs/Stones/Little Stones/Little Stone_6.prefab
  artifactKey: Guid(60b52e7ce30261149bd54f899ae72260) Importer(815301076,1909f56bfc062723c751e8b465ee728b)
Start importing Assets/Wand and Circles/Polygon City Free Pack - Environment and Interior/Prefabs/Stones/Little Stones/Little Stone_6.prefab using Guid(60b52e7ce30261149bd54f899ae72260) Importer(815301076,1909f56bfc062723c751e8b465ee728b)  -> (artifact id: '0f571f38299f656e3093f930379b2444') in 0.009993 seconds 
========================================================================
Received Import Request.
  Time since last request: 0.000027 seconds.
  path: Assets/Wand and Circles/Polygon City Free Pack - Environment and Interior/Prefabs/Stones/Little Stones/Little Stone_7.prefab
  artifactKey: Guid(c3da3921aab4dd94994d4f59b79a6cb7) Importer(815301076,1909f56bfc062723c751e8b465ee728b)
Start importing Assets/Wand and Circles/Polygon City Free Pack - Environment and Interior/Prefabs/Stones/Little Stones/Little Stone_7.prefab using Guid(c3da3921aab4dd94994d4f59b79a6cb7) Importer(815301076,1909f56bfc062723c751e8b465ee728b)  -> (artifact id: '26675380a82c4d8aa325b4479b5026d1') in 0.010453 seconds 
========================================================================
Received Import Request.
  Time since last request: 0.000030 seconds.
  path: Assets/Wand and Circles/Polygon City Free Pack - Environment and Interior/Prefabs/Stones/Little Stones/Little Stone_9.prefab
  artifactKey: Guid(464ff2c97a29e994c953609adf26d460) Importer(815301076,1909f56bfc062723c751e8b465ee728b)
Start importing Assets/Wand and Circles/Polygon City Free Pack - Environment and Interior/Prefabs/Stones/Little Stones/Little Stone_9.prefab using Guid(464ff2c97a29e994c953609adf26d460) Importer(815301076,1909f56bfc062723c751e8b465ee728b)  -> (artifact id: 'b79bb6588ca8fc428761635e2374dcb9') in 0.011688 seconds 
========================================================================
Received Import Request.
  Time since last request: 0.000020 seconds.
  path: Assets/Wand and Circles/Polygon City Free Pack - Environment and Interior/Prefabs/Stones/Little Stones/Little Stone_0.prefab
  artifactKey: Guid(4a30ba79df7f1754e8b69e78fd648cf8) Importer(815301076,1909f56bfc062723c751e8b465ee728b)
Start importing Assets/Wand and Circles/Polygon City Free Pack - Environment and Interior/Prefabs/Stones/Little Stones/Little Stone_0.prefab using Guid(4a30ba79df7f1754e8b69e78fd648cf8) Importer(815301076,1909f56bfc062723c751e8b465ee728b)  -> (artifact id: '1079978524e388005c8695024ad24373') in 0.010271 seconds 
========================================================================
Received Import Request.
  Time since last request: 0.000019 seconds.
  path: Assets/Wand and Circles/Polygon City Free Pack - Environment and Interior/Prefabs/Stones/Little Stones/Little Stone_5.prefab
  artifactKey: Guid(a255add9260ac074a8d3988a3a856d3e) Importer(815301076,1909f56bfc062723c751e8b465ee728b)
Start importing Assets/Wand and Circles/Polygon City Free Pack - Environment and Interior/Prefabs/Stones/Little Stones/Little Stone_5.prefab using Guid(a255add9260ac074a8d3988a3a856d3e) Importer(815301076,1909f56bfc062723c751e8b465ee728b)  -> (artifact id: '7c3ed6799c16a5a5ed81df96047a6d1e') in 0.009242 seconds 
========================================================================
Received Import Request.
  Time since last request: 0.000021 seconds.
  path: Assets/Wand and Circles/Polygon City Free Pack - Environment and Interior/Prefabs/Stones/Little Stones/Little Stone_3.prefab
  artifactKey: Guid(97c7ef7ead6228b48aa04ea61808e57b) Importer(815301076,1909f56bfc062723c751e8b465ee728b)
Start importing Assets/Wand and Circles/Polygon City Free Pack - Environment and Interior/Prefabs/Stones/Little Stones/Little Stone_3.prefab using Guid(97c7ef7ead6228b48aa04ea61808e57b) Importer(815301076,1909f56bfc062723c751e8b465ee728b)  -> (artifact id: '26b97a643bea32aa32b3e4492dd250a5') in 0.010182 seconds 
========================================================================
Received Import Request.
  Time since last request: 0.000017 seconds.
  path: Assets/Wand and Circles/Polygon City Free Pack - Environment and Interior/Prefabs/Stones/Little Stones/Little Stone_10.prefab
  artifactKey: Guid(86bb4051606871c428f5c653933a922b) Importer(815301076,1909f56bfc062723c751e8b465ee728b)
Start importing Assets/Wand and Circles/Polygon City Free Pack - Environment and Interior/Prefabs/Stones/Little Stones/Little Stone_10.prefab using Guid(86bb4051606871c428f5c653933a922b) Importer(815301076,1909f56bfc062723c751e8b465ee728b)  -> (artifact id: 'd6af850dbb6cdb19b7c558741a8861d7') in 0.010290 seconds 
========================================================================
Received Import Request.
  Time since last request: 0.000063 seconds.
  path: Assets/Wand and Circles/Polygon City Free Pack - Environment and Interior/Prefabs/Stones/Little Stones/Little Stone_2.prefab
  artifactKey: Guid(62c408e5e0c457c40a67970ef12af9d7) Importer(815301076,1909f56bfc062723c751e8b465ee728b)
Start importing Assets/Wand and Circles/Polygon City Free Pack - Environment and Interior/Prefabs/Stones/Little Stones/Little Stone_2.prefab using Guid(62c408e5e0c457c40a67970ef12af9d7) Importer(815301076,1909f56bfc062723c751e8b465ee728b)  -> (artifact id: '6c892496e2f11a5978fa3ebb93e7bb94') in 0.014875 seconds 
========================================================================
Received Import Request.
  Time since last request: 12.848690 seconds.
  path: Assets/Wand and Circles/Polygon City Free Pack - Environment and Interior/Prefabs/Buildings/Big Garage/Foundation.prefab
  artifactKey: Guid(37e70bc56dd3d93458fdf365235b1f06) Importer(815301076,1909f56bfc062723c751e8b465ee728b)
Start importing Assets/Wand and Circles/Polygon City Free Pack - Environment and Interior/Prefabs/Buildings/Big Garage/Foundation.prefab using Guid(37e70bc56dd3d93458fdf365235b1f06) Importer(815301076,1909f56bfc062723c751e8b465ee728b)  -> (artifact id: '3589e4453e27b58b1245b1c3356dd173') in 0.012400 seconds 
========================================================================
Received Import Request.
  Time since last request: 0.000017 seconds.
  path: Assets/Wand and Circles/Polygon City Free Pack - Environment and Interior/Prefabs/Buildings/Big Garage/Roof.prefab
  artifactKey: Guid(dfcd561256250f34981470865a0cb8b3) Importer(815301076,1909f56bfc062723c751e8b465ee728b)
Start importing Assets/Wand and Circles/Polygon City Free Pack - Environment and Interior/Prefabs/Buildings/Big Garage/Roof.prefab using Guid(dfcd561256250f34981470865a0cb8b3) Importer(815301076,1909f56bfc062723c751e8b465ee728b)  -> (artifact id: 'c171d6c8dc784edd7d88dc953524ac4d') in 0.014804 seconds 
========================================================================
Received Import Request.
  Time since last request: 0.000015 seconds.
  path: Assets/Wand and Circles/Polygon City Free Pack - Environment and Interior/Prefabs/Buildings/Big Garage/Walls.prefab
  artifactKey: Guid(a63b95fef9c8a944ebd2f967dc9afb58) Importer(815301076,1909f56bfc062723c751e8b465ee728b)
Start importing Assets/Wand and Circles/Polygon City Free Pack - Environment and Interior/Prefabs/Buildings/Big Garage/Walls.prefab using Guid(a63b95fef9c8a944ebd2f967dc9afb58) Importer(815301076,1909f56bfc062723c751e8b465ee728b)  -> (artifact id: '5304f3cffd3ddfd038b5af6530a58433') in 0.014669 seconds 
========================================================================
Received Import Request.
  Time since last request: 1.453380 seconds.
  path: Assets/Wand and Circles/Polygon City Free Pack - Environment and Interior/Prefabs/Buildings/Little angar/Foundation.prefab
  artifactKey: Guid(89d00439e72bd0c4b8be5b8f0ca61ebb) Importer(815301076,1909f56bfc062723c751e8b465ee728b)
Start importing Assets/Wand and Circles/Polygon City Free Pack - Environment and Interior/Prefabs/Buildings/Little angar/Foundation.prefab using Guid(89d00439e72bd0c4b8be5b8f0ca61ebb) Importer(815301076,1909f56bfc062723c751e8b465ee728b)  -> (artifact id: 'cd2c84e2a2e4f2676a2d71222e9cad8e') in 0.012576 seconds 
========================================================================
Received Import Request.
  Time since last request: 0.000014 seconds.
  path: Assets/Wand and Circles/Polygon City Free Pack - Environment and Interior/Prefabs/Buildings/Little angar/Roof.prefab
  artifactKey: Guid(e9e2da1cc190ffd4fac6a58ea4c21495) Importer(815301076,1909f56bfc062723c751e8b465ee728b)
Start importing Assets/Wand and Circles/Polygon City Free Pack - Environment and Interior/Prefabs/Buildings/Little angar/Roof.prefab using Guid(e9e2da1cc190ffd4fac6a58ea4c21495) Importer(815301076,1909f56bfc062723c751e8b465ee728b)  -> (artifact id: '178f09e3c6aeaf8a384ec7698c7036a9') in 0.017232 seconds 
========================================================================
Received Import Request.
  Time since last request: 25.589256 seconds.
  path: Assets/PolygonalMind/LowPolyOffice
  artifactKey: Guid(06d0bec33cddef743a42a7ae9c65f278) Importer(815301076,1909f56bfc062723c751e8b465ee728b)
Start importing Assets/PolygonalMind/LowPolyOffice using Guid(06d0bec33cddef743a42a7ae9c65f278) Importer(815301076,1909f56bfc062723c751e8b465ee728b)  -> (artifact id: '2860d370880c11fc22ab6934ee8aab2f') in 0.001904 seconds 
========================================================================
Received Prepare
Registering precompiled user dll's ...
Registered in 0.004566 seconds.
Begin MonoManager ReloadAssembly
Symbol file LoadedFromMemory doesn't match image D:\UnityProjects\MinPayneProject\MinPayne\Library\PackageCache\com.unity.visualscripting@1.7.8\Editor\VisualScripting.Core\Dependencies\YamlDotNet\Unity.VisualScripting.YamlDotNet.dll
Symbol file LoadedFromMemory doesn't match image D:\UnityProjects\MinPayneProject\MinPayne\Library\PackageCache\com.unity.visualscripting@1.7.8\Editor\VisualScripting.Core\Dependencies\DotNetZip\Unity.VisualScripting.IonicZip.dll
Native extension for UWP target not found
Native extension for WindowsStandalone target not found
Refreshing native plugins compatible for Editor in 0.49 ms, found 3 plugins.
Preloading 0 native plugins for Editor in 0.00 ms.
Mono: successfully reloaded assembly
- Completed reload, in  0.915 seconds
Domain Reload Profiling:
	ReloadAssembly (916ms)
		BeginReloadAssembly (135ms)
			ExecutionOrderSort (0ms)
			DisableScriptedObjects (5ms)
			BackupInstance (0ms)
			ReleaseScriptingObjects (0ms)
			CreateAndSetChildDomain (33ms)
		EndReloadAssembly (698ms)
			LoadAssemblies (92ms)
			RebuildTransferFunctionScriptingTraits (0ms)
			SetupTypeCache (246ms)
			ReleaseScriptCaches (1ms)
			RebuildScriptCaches (36ms)
			SetupLoadedEditorAssemblies (304ms)
				LogAssemblyErrors (0ms)
				InitializePlatformSupportModulesInManaged (13ms)
				SetLoadedEditorAssemblies (0ms)
				RefreshPlugins (1ms)
				BeforeProcessingInitializeOnLoad (57ms)
				ProcessInitializeOnLoadAttributes (203ms)
				ProcessInitializeOnLoadMethodAttributes (26ms)
				AfterProcessingInitializeOnLoad (3ms)
				EditorAssembliesLoaded (0ms)
			ExecutionOrderSort2 (0ms)
			AwakeInstancesAfterBackupRestoration (7ms)
Platform modules already initialized, skipping
Refreshing native plugins compatible for Editor in 1.41 ms, found 3 plugins.
Preloading 0 native plugins for Editor in 0.00 ms.
Unloading 3377 Unused Serialized files (Serialized files now loaded: 0)
Unloading 20 unused Assets / (78.9 KB). Loaded Objects now: 3860.
Memory consumption went from 137.2 MB to 137.1 MB.
Total: 2.812900 ms (FindLiveObjects: 0.200100 ms CreateObjectMapping: 0.115500 ms MarkObjects: 2.426200 ms  DeleteObjects: 0.070400 ms)

AssetImportParameters requested are different than current active one (requested -> active):
  custom:video-decoder-ogg-theora: a1e56fd34408186e4bbccfd4996cb3dc -> 
  custom:container-muxer-webm: aa71ff27fc2769a1b78a27578f13a17b -> 
  custom:container-demuxer-webm: 4f35f7cbe854078d1ac9338744f61a02 -> 
  custom:video-encoder-webm-vp8: eb34c28f22e8b96e1ab97ce403110664 -> 
  custom:audio-encoder-webm-vorbis: bf7c407c2cedff20999df2af8eb42d56 -> 
  custom:framework-win-MediaFoundation: 216162199b28c13a410421893ffa2e32 -> 
  custom:container-demuxer-ogg: 62fdf1f143b41e24485cea50d1cbac27 -> 
  custom:video-decoder-webm-vp8: 9c59270c3fd7afecdb556c50c9e8de78 -> 
  custom:audio-decoder-ogg-vorbis: bf7c407c2cedff20999df2af8eb42d56 -> 
========================================================================
Received Prepare
Registering precompiled user dll's ...
Registered in 0.004947 seconds.
Begin MonoManager ReloadAssembly
Symbol file LoadedFromMemory doesn't match image D:\UnityProjects\MinPayneProject\MinPayne\Library\PackageCache\com.unity.visualscripting@1.7.8\Editor\VisualScripting.Core\Dependencies\YamlDotNet\Unity.VisualScripting.YamlDotNet.dll
Symbol file LoadedFromMemory doesn't match image D:\UnityProjects\MinPayneProject\MinPayne\Library\PackageCache\com.unity.visualscripting@1.7.8\Editor\VisualScripting.Core\Dependencies\DotNetZip\Unity.VisualScripting.IonicZip.dll
Native extension for UWP target not found
Native extension for WindowsStandalone target not found
Refreshing native plugins compatible for Editor in 0.55 ms, found 3 plugins.
Preloading 0 native plugins for Editor in 0.00 ms.
Mono: successfully reloaded assembly
- Completed reload, in  0.898 seconds
Domain Reload Profiling:
	ReloadAssembly (902ms)
		BeginReloadAssembly (121ms)
			ExecutionOrderSort (0ms)
			DisableScriptedObjects (5ms)
			BackupInstance (0ms)
			ReleaseScriptingObjects (0ms)
			CreateAndSetChildDomain (30ms)
		EndReloadAssembly (696ms)
			LoadAssemblies (80ms)
			RebuildTransferFunctionScriptingTraits (0ms)
			SetupTypeCache (240ms)
			ReleaseScriptCaches (1ms)
			RebuildScriptCaches (37ms)
			SetupLoadedEditorAssemblies (304ms)
				LogAssemblyErrors (0ms)
				InitializePlatformSupportModulesInManaged (13ms)
				SetLoadedEditorAssemblies (0ms)
				RefreshPlugins (1ms)
				BeforeProcessingInitializeOnLoad (56ms)
				ProcessInitializeOnLoadAttributes (201ms)
				ProcessInitializeOnLoadMethodAttributes (27ms)
				AfterProcessingInitializeOnLoad (5ms)
				EditorAssembliesLoaded (0ms)
			ExecutionOrderSort2 (0ms)
			AwakeInstancesAfterBackupRestoration (8ms)
Platform modules already initialized, skipping
Refreshing native plugins compatible for Editor in 1.36 ms, found 3 plugins.
Preloading 0 native plugins for Editor in 0.00 ms.
Unloading 3377 Unused Serialized files (Serialized files now loaded: 0)
Unloading 20 unused Assets / (78.9 KB). Loaded Objects now: 3863.
Memory consumption went from 137.2 MB to 137.1 MB.
Total: 2.765000 ms (FindLiveObjects: 0.231900 ms CreateObjectMapping: 0.136600 ms MarkObjects: 2.323300 ms  DeleteObjects: 0.072400 ms)

AssetImportParameters requested are different than current active one (requested -> active):
  custom:video-decoder-ogg-theora: a1e56fd34408186e4bbccfd4996cb3dc -> 
  custom:container-muxer-webm: aa71ff27fc2769a1b78a27578f13a17b -> 
  custom:container-demuxer-webm: 4f35f7cbe854078d1ac9338744f61a02 -> 
  custom:video-encoder-webm-vp8: eb34c28f22e8b96e1ab97ce403110664 -> 
  custom:audio-encoder-webm-vorbis: bf7c407c2cedff20999df2af8eb42d56 -> 
  custom:framework-win-MediaFoundation: 216162199b28c13a410421893ffa2e32 -> 
  custom:container-demuxer-ogg: 62fdf1f143b41e24485cea50d1cbac27 -> 
  custom:video-decoder-webm-vp8: 9c59270c3fd7afecdb556c50c9e8de78 -> 
  custom:audio-decoder-ogg-vorbis: bf7c407c2cedff20999df2af8eb42d56 -> 
========================================================================
Received Import Request.
  Time since last request: 1046.642439 seconds.
  path: Assets/Props
  artifactKey: Guid(fc9ae713290c3954b90a005ff9471d25) Importer(815301076,1909f56bfc062723c751e8b465ee728b)
Start importing Assets/Props using Guid(fc9ae713290c3954b90a005ff9471d25) Importer(815301076,1909f56bfc062723c751e8b465ee728b)  -> (artifact id: '74ec1f723cf7fa006406755e00f95134') in 0.008742 seconds 
========================================================================
Received Import Request.
  Time since last request: 23.959847 seconds.
  path: Assets/Props/Materials
  artifactKey: Guid(b51c83260b0649941be7a88f4e2ac53d) Importer(815301076,1909f56bfc062723c751e8b465ee728b)
Start importing Assets/Props/Materials using Guid(b51c83260b0649941be7a88f4e2ac53d) Importer(815301076,1909f56bfc062723c751e8b465ee728b)  -> (artifact id: '8d33c9ba68b6af179e17d1de4d1aaa7e') in 0.001741 seconds 
========================================================================
Received Import Request.
  Time since last request: 154.542782 seconds.
  path: Assets/Props/Materials/New Material.mat
  artifactKey: Guid(71716ba3b0b2def499368ce788acb210) Importer(815301076,1909f56bfc062723c751e8b465ee728b)
Start importing Assets/Props/Materials/New Material.mat using Guid(71716ba3b0b2def499368ce788acb210) Importer(815301076,1909f56bfc062723c751e8b465ee728b)  -> (artifact id: 'a08905b3d3ad65f39019bb059d3c8440') in 0.074230 seconds 
========================================================================
Received Import Request.
  Time since last request: 10.183193 seconds.
  path: Assets/Props/Materials/Metal.mat
  artifactKey: Guid(71716ba3b0b2def499368ce788acb210) Importer(815301076,1909f56bfc062723c751e8b465ee728b)
Start importing Assets/Props/Materials/Metal.mat using Guid(71716ba3b0b2def499368ce788acb210) Importer(815301076,1909f56bfc062723c751e8b465ee728b)  -> (artifact id: '2cdedc51abd709f0e648d70c2c1b343d') in 0.026960 seconds 
========================================================================
Received Import Request.
  Time since last request: 52.881901 seconds.
  path: Assets/Props/Materials/New Material.mat
  artifactKey: Guid(1a78751379b9de84c86201f734c0c8a2) Importer(815301076,1909f56bfc062723c751e8b465ee728b)
Start importing Assets/Props/Materials/New Material.mat using Guid(1a78751379b9de84c86201f734c0c8a2) Importer(815301076,1909f56bfc062723c751e8b465ee728b)  -> (artifact id: 'e4be666b174c11e32ba8f53edbd84fe7') in 0.007584 seconds 
========================================================================
Received Import Request.
  Time since last request: 28.760759 seconds.
  path: Assets/Props/Materials/BodyPlastic.mat
  artifactKey: Guid(1a78751379b9de84c86201f734c0c8a2) Importer(815301076,1909f56bfc062723c751e8b465ee728b)
Start importing Assets/Props/Materials/BodyPlastic.mat using Guid(1a78751379b9de84c86201f734c0c8a2) Importer(815301076,1909f56bfc062723c751e8b465ee728b)  -> (artifact id: '58cd26acd962f202369c4864d1f0f322') in 0.033108 seconds 
========================================================================
Received Import Request.
  Time since last request: 36.748109 seconds.
  path: Assets/Props/Materials/BodyPlastic 1.mat
  artifactKey: Guid(4c24443a38ca0534798b9b8184400483) Importer(815301076,1909f56bfc062723c751e8b465ee728b)
Start importing Assets/Props/Materials/BodyPlastic 1.mat using Guid(4c24443a38ca0534798b9b8184400483) Importer(815301076,1909f56bfc062723c751e8b465ee728b)  -> (artifact id: 'bb922108f8049e631f1c512a6056235e') in 0.010975 seconds 
========================================================================
Received Import Request.
  Time since last request: 0.000022 seconds.
  path: Assets/Props/Materials/BodyPlastic.mat
  artifactKey: Guid(1a78751379b9de84c86201f734c0c8a2) Importer(815301076,1909f56bfc062723c751e8b465ee728b)
Start importing Assets/Props/Materials/BodyPlastic.mat using Guid(1a78751379b9de84c86201f734c0c8a2) Importer(815301076,1909f56bfc062723c751e8b465ee728b)  -> (artifact id: '8b9fc71eadc06aad7789a7e4cc52a753') in 0.008482 seconds 
========================================================================
Received Import Request.
  Time since last request: 0.000017 seconds.
  path: Assets/Props/Materials/Metal.mat
  artifactKey: Guid(71716ba3b0b2def499368ce788acb210) Importer(815301076,1909f56bfc062723c751e8b465ee728b)
Start importing Assets/Props/Materials/Metal.mat using Guid(71716ba3b0b2def499368ce788acb210) Importer(815301076,1909f56bfc062723c751e8b465ee728b)  -> (artifact id: '9e0f1e1ef0ffea333bd37a338ed82dd4') in 0.008268 seconds 
========================================================================
Received Import Request.
  Time since last request: 9.646376 seconds.
  path: Assets/Props/Materials/BlackShine.mat
  artifactKey: Guid(4c24443a38ca0534798b9b8184400483) Importer(815301076,1909f56bfc062723c751e8b465ee728b)
Start importing Assets/Props/Materials/BlackShine.mat using Guid(4c24443a38ca0534798b9b8184400483) Importer(815301076,1909f56bfc062723c751e8b465ee728b)  -> (artifact id: '50bd108680597dcf5f865710c174e599') in 0.030385 seconds 
========================================================================
Received Import Request.
  Time since last request: 5.982936 seconds.
  path: Assets/Props/Materials/Lens.mat
  artifactKey: Guid(4c24443a38ca0534798b9b8184400483) Importer(815301076,1909f56bfc062723c751e8b465ee728b)
Start importing Assets/Props/Materials/Lens.mat using Guid(4c24443a38ca0534798b9b8184400483) Importer(815301076,1909f56bfc062723c751e8b465ee728b)  -> (artifact id: 'b19ac5c6e0c0e77b6ea5766d3556cb5b') in 0.061627 seconds 
========================================================================
Received Import Request.
  Time since last request: 350.731908 seconds.
  path: Assets/Props/Camera.prefab
  artifactKey: Guid(6ffdc8b4b5241b74fb58164ab8567f3b) Importer(815301076,1909f56bfc062723c751e8b465ee728b)
Start importing Assets/Props/Camera.prefab using Guid(6ffdc8b4b5241b74fb58164ab8567f3b) Importer(815301076,1909f56bfc062723c751e8b465ee728b)  -> (artifact id: 'a2a3cf7129b64265fbd7fa33bfa2d7c7') in 0.027629 seconds 
========================================================================
Received Import Request.
  Time since last request: 114.524400 seconds.
  path: Assets/Props/Camera.prefab
  artifactKey: Guid(6ffdc8b4b5241b74fb58164ab8567f3b) Importer(815301076,1909f56bfc062723c751e8b465ee728b)
Start importing Assets/Props/Camera.prefab using Guid(6ffdc8b4b5241b74fb58164ab8567f3b) Importer(815301076,1909f56bfc062723c751e8b465ee728b)  -> (artifact id: '79e801ea35d03204deaf79de5059e38b') in 0.011639 seconds 
========================================================================
Received Import Request.
  Time since last request: 133.502281 seconds.
  path: Assets/Props/Camera.prefab
  artifactKey: Guid(6ffdc8b4b5241b74fb58164ab8567f3b) Importer(815301076,1909f56bfc062723c751e8b465ee728b)
Start importing Assets/Props/Camera.prefab using Guid(6ffdc8b4b5241b74fb58164ab8567f3b) Importer(815301076,1909f56bfc062723c751e8b465ee728b)  -> (artifact id: 'e2ca1f7eb1f23b0be5830e86ede08872') in 0.011712 seconds 
========================================================================
Received Import Request.
  Time since last request: 322.017653 seconds.
  path: ProjectSettings/TagManager.asset
  artifactKey: Guid(00000000000000003000000000000000) Importer(815301076,1909f56bfc062723c751e8b465ee728b)
Start importing ProjectSettings/TagManager.asset using Guid(00000000000000003000000000000000) Importer(815301076,1909f56bfc062723c751e8b465ee728b)  -> (artifact id: '3dd9d8c8fdddaad14b1f59537729bca8') in 0.004317 seconds 
========================================================================
Received Import Request.
  Time since last request: 44.482569 seconds.
  path: Assets/Props/Camera 1.prefab
  artifactKey: Guid(888bbe20909fa394ea346fe7992eaef5) Importer(815301076,1909f56bfc062723c751e8b465ee728b)
Start importing Assets/Props/Camera 1.prefab using Guid(888bbe20909fa394ea346fe7992eaef5) Importer(815301076,1909f56bfc062723c751e8b465ee728b)  -> (artifact id: '9d69dd68767fb53df0e340c592be1664') in 0.010915 seconds 
========================================================================
Received Import Request.
  Time since last request: 87.299126 seconds.
  path: Assets/Props/Camera.prefab
  artifactKey: Guid(6ffdc8b4b5241b74fb58164ab8567f3b) Importer(815301076,1909f56bfc062723c751e8b465ee728b)
Start importing Assets/Props/Camera.prefab using Guid(6ffdc8b4b5241b74fb58164ab8567f3b) Importer(815301076,1909f56bfc062723c751e8b465ee728b)  -> (artifact id: '71967e3002353a58833cf373cf0d99d3') in 0.226728 seconds 
